  [4;36;1mSQL (0.1ms)[0m   [0;1mSET NAMES 'utf8'[0m
  [4;35;1mSQL (0.1ms)[0m   [0mSET SQL_AUTO_IS_NULL=0[0m
  [4;36;1mSQL (0.2ms)[0m   [0;1mSHOW TABLES[0m
  [4;35;1mSQL (6.7ms)[0m   [0mCREATE TABLE `schema_migrations` (`version` varchar(255) NOT NULL) ENGINE=InnoDB[0m
  [4;36;1mSQL (4.3ms)[0m   [0;1mCREATE UNIQUE INDEX `unique_schema_migrations` ON `schema_migrations` (`version`)[0m
  [4;35;1mSQL (0.2ms)[0m   [0mSHOW TABLES[0m
  [4;36;1mSQL (0.7ms)[0m   [0;1mSHOW TABLES[0m
  [4;35;1mSQL (0.2ms)[0m   [0mSELECT version FROM schema_migrations[0m
  [4;36;1mSQL (0.1ms)[0m   [0;1mSHOW TABLES[0m
  [4;36;1mSQL (0.2ms)[0m   [0;1mSET NAMES 'utf8'[0m
  [4;35;1mSQL (0.1ms)[0m   [0mSET SQL_AUTO_IS_NULL=0[0m


Processing MainController#index (for 127.0.0.1 at 2010-03-24 22:11:06) [GET]
Rendering main/index
Completed in 49ms (View: 46, DB: 0) | 200 OK [http://localhost/main]
  [4;36;1mSQL (0.1ms)[0m   [0;1mSET NAMES 'utf8'[0m
  [4;35;1mSQL (0.1ms)[0m   [0mSET SQL_AUTO_IS_NULL=0[0m


Processing MainController#index (for 127.0.0.1 at 2010-03-24 22:16:53) [GET]
Rendering template within layouts/application
Rendering main/index
Completed in 13ms (View: 9, DB: 0) | 200 OK [http://localhost/main]
  [4;36;1mSQL (0.1ms)[0m   [0;1mSET NAMES 'utf8'[0m
  [4;35;1mSQL (0.1ms)[0m   [0mSET SQL_AUTO_IS_NULL=0[0m


Processing MainController#index (for 127.0.0.1 at 2010-03-24 22:16:55) [GET]
Rendering template within layouts/application
Rendering main/index
Completed in 5ms (View: 1, DB: 0) | 200 OK [http://localhost/main]
  [4;36;1mSQL (0.1ms)[0m   [0;1mSET NAMES 'utf8'[0m
  [4;35;1mSQL (0.1ms)[0m   [0mSET SQL_AUTO_IS_NULL=0[0m


Processing MainController#index (for 127.0.0.1 at 2010-03-24 22:16:56) [GET]
Rendering template within layouts/application
Rendering main/index
Completed in 5ms (View: 1, DB: 0) | 200 OK [http://localhost/main]
  [4;36;1mSQL (0.1ms)[0m   [0;1mSET NAMES 'utf8'[0m
  [4;35;1mSQL (0.1ms)[0m   [0mSET SQL_AUTO_IS_NULL=0[0m


Processing MainController#index (for 127.0.0.1 at 2010-03-24 22:17:11) [GET]
Rendering template within layouts/application
Rendering main/index
Completed in 5ms (View: 1, DB: 0) | 200 OK [http://localhost/main]
  [4;36;1mSQL (0.1ms)[0m   [0;1mSET NAMES 'utf8'[0m
  [4;35;1mSQL (0.1ms)[0m   [0mSET SQL_AUTO_IS_NULL=0[0m


Processing MainController#index (for 127.0.0.1 at 2010-03-24 22:17:32) [GET]
Rendering template within layouts/application
Rendering main/index
Completed in 10ms (View: 6, DB: 0) | 200 OK [http://localhost/main]
  [4;36;1mSQL (0.1ms)[0m   [0;1mSET NAMES 'utf8'[0m
  [4;35;1mSQL (0.1ms)[0m   [0mSET SQL_AUTO_IS_NULL=0[0m


Processing MainController#index (for 127.0.0.1 at 2010-03-24 22:18:06) [GET]
Rendering template within layouts/application
Rendering main/index
Completed in 10ms (View: 7, DB: 0) | 200 OK [http://localhost/main]
  [4;36;1mSQL (0.1ms)[0m   [0;1mSET NAMES 'utf8'[0m
  [4;35;1mSQL (0.1ms)[0m   [0mSET SQL_AUTO_IS_NULL=0[0m


Processing MainController#index (for 127.0.0.1 at 2010-03-24 22:18:07) [GET]
Rendering template within layouts/application
Rendering main/index
Completed in 5ms (View: 1, DB: 0) | 200 OK [http://localhost/main]
  [4;36;1mSQL (0.1ms)[0m   [0;1mSET NAMES 'utf8'[0m
  [4;35;1mSQL (0.1ms)[0m   [0mSET SQL_AUTO_IS_NULL=0[0m


Processing MainController#index (for 127.0.0.1 at 2010-03-24 22:18:08) [GET]
Rendering template within layouts/application
Rendering main/index
Completed in 5ms (View: 1, DB: 0) | 200 OK [http://localhost/main]
  [4;36;1mSQL (0.1ms)[0m   [0;1mSET NAMES 'utf8'[0m
  [4;35;1mSQL (0.1ms)[0m   [0mSET SQL_AUTO_IS_NULL=0[0m


Processing MainController#index (for 127.0.0.1 at 2010-03-24 22:18:29) [GET]
Rendering template within layouts/application
Rendering main/index
Completed in 10ms (View: 6, DB: 0) | 200 OK [http://localhost/main]
  [4;36;1mSQL (0.1ms)[0m   [0;1mSET NAMES 'utf8'[0m
  [4;35;1mSQL (0.1ms)[0m   [0mSET SQL_AUTO_IS_NULL=0[0m


Processing MainController#index (for 127.0.0.1 at 2010-03-24 22:33:02) [GET]
Rendering template within layouts/application
Rendering main/index

ActionView::TemplateError (Missing template main/_header.erb in view path app/views) on line #7 of app/views/layouts/application.html.erb:
4:     <title>Sapthagiri</title>
5:   </head>
6:   <body>
7:     <%= render :partial => 'header' %>
8:     <%= yield :layout %>
9:     <%= render :partial => 'footer' %>
10:   </body>

    app/views/layouts/application.html.erb:7

Rendered rescues/_trace (127.1ms)
Rendered rescues/_request_and_response (1.5ms)
Rendering rescues/layout (internal_server_error)
  [4;36;1mSQL (0.1ms)[0m   [0;1mSET NAMES 'utf8'[0m
  [4;35;1mSQL (0.1ms)[0m   [0mSET SQL_AUTO_IS_NULL=0[0m


Processing MainController#index (for 127.0.0.1 at 2010-03-24 22:33:22) [GET]
Rendering template within layouts/application
Rendering main/index
Rendered shared/_header (0.9ms)
Rendered shared/_footer (0.7ms)
Completed in 27ms (View: 24, DB: 0) | 200 OK [http://localhost/main]
  [4;36;1mSQL (0.1ms)[0m   [0;1mSET NAMES 'utf8'[0m
  [4;35;1mSQL (0.1ms)[0m   [0mSET SQL_AUTO_IS_NULL=0[0m


Processing MainController#index (for 127.0.0.1 at 2010-03-24 22:36:59) [GET]
Rendering template within layouts/application
Rendering main/index
Rendered shared/_header (0.9ms)
Rendered shared/_footer (0.1ms)
Completed in 11ms (View: 7, DB: 0) | 200 OK [http://localhost/main]
  [4;36;1mSQL (0.1ms)[0m   [0;1mSET NAMES 'utf8'[0m
  [4;35;1mSQL (0.1ms)[0m   [0mSET SQL_AUTO_IS_NULL=0[0m


Processing MainController#index (for 127.0.0.1 at 2010-03-24 22:37:12) [GET]
Rendering template within layouts/application
Rendering main/index
Rendered shared/_header (0.5ms)
Rendered shared/_footer (0.1ms)
Completed in 20ms (View: 7, DB: 0) | 200 OK [http://localhost/main]
  [4;36;1mSQL (0.1ms)[0m   [0;1mSET NAMES 'utf8'[0m
  [4;35;1mSQL (0.1ms)[0m   [0mSET SQL_AUTO_IS_NULL=0[0m


Processing MainController#index (for 127.0.0.1 at 2010-03-24 22:37:14) [GET]
Rendering template within layouts/application
Rendering main/index
Rendered shared/_header (0.1ms)
Rendered shared/_footer (0.1ms)
Completed in 4ms (View: 2, DB: 0) | 200 OK [http://localhost/main]
  [4;36;1mSQL (0.1ms)[0m   [0;1mSET NAMES 'utf8'[0m
  [4;35;1mSQL (0.1ms)[0m   [0mSET SQL_AUTO_IS_NULL=0[0m


Processing MainController#index (for 127.0.0.1 at 2010-03-24 22:37:30) [GET]
Rendering template within layouts/application
Rendering main/index
Rendered shared/_header (0.8ms)
Rendered shared/_footer (0.1ms)
Completed in 12ms (View: 8, DB: 0) | 200 OK [http://localhost/main]
  [4;36;1mSQL (0.1ms)[0m   [0;1mSET NAMES 'utf8'[0m
  [4;35;1mSQL (0.1ms)[0m   [0mSET SQL_AUTO_IS_NULL=0[0m


Processing MainController#index (for 127.0.0.1 at 2010-03-24 22:37:53) [GET]
Rendering template within layouts/application
Rendering main/index
Rendered shared/_header (0.8ms)
Rendered shared/_footer (0.1ms)
Completed in 11ms (View: 7, DB: 0) | 200 OK [http://localhost/main]
  [4;36;1mSQL (0.1ms)[0m   [0;1mSET NAMES 'utf8'[0m
  [4;35;1mSQL (0.1ms)[0m   [0mSET SQL_AUTO_IS_NULL=0[0m


Processing MainController#index (for 127.0.0.1 at 2010-03-24 23:13:55) [GET]
Rendering template within layouts/application
Rendering main/index
Rendered shared/_header (0.8ms)
Rendered shared/_footer (0.1ms)
Completed in 16ms (View: 13, DB: 0) | 200 OK [http://localhost/main]
  [4;36;1mSQL (0.1ms)[0m   [0;1mSET NAMES 'utf8'[0m
  [4;35;1mSQL (0.1ms)[0m   [0mSET SQL_AUTO_IS_NULL=0[0m


Processing MainController#index (for 127.0.0.1 at 2010-03-24 23:14:06) [GET]
Rendering template within layouts/application
Rendering main/index
Rendered shared/_header (0.2ms)
Rendered shared/_footer (0.1ms)
Completed in 6ms (View: 3, DB: 0) | 200 OK [http://localhost/main]
  [4;36;1mSQL (0.1ms)[0m   [0;1mSET NAMES 'utf8'[0m
  [4;35;1mSQL (0.1ms)[0m   [0mSET SQL_AUTO_IS_NULL=0[0m


Processing MainController#index (for 127.0.0.1 at 2010-03-24 23:14:12) [GET]
Rendering template within layouts/application
Rendering main/index
Rendered shared/_header (0.1ms)
Rendered shared/_footer (0.1ms)
Completed in 4ms (View: 2, DB: 0) | 200 OK [http://localhost/main]
  [4;36;1mSQL (0.1ms)[0m   [0;1mSET NAMES 'utf8'[0m
  [4;35;1mSQL (0.1ms)[0m   [0mSET SQL_AUTO_IS_NULL=0[0m


Processing MainController#index (for 127.0.0.1 at 2010-03-24 23:22:28) [GET]
Rendering template within layouts/application
Rendering main/index
Rendered shared/_header (0.2ms)
Rendered shared/_footer (0.1ms)
Completed in 12ms (View: 8, DB: 0) | 200 OK [http://localhost/main]
  [4;36;1mSQL (0.1ms)[0m   [0;1mSET NAMES 'utf8'[0m
  [4;35;1mSQL (0.1ms)[0m   [0mSET SQL_AUTO_IS_NULL=0[0m


Processing MainController#index (for 127.0.0.1 at 2010-03-24 23:22:31) [GET]
Rendering template within layouts/application
Rendering main/index
Rendered shared/_header (0.1ms)
Rendered shared/_footer (0.1ms)
Completed in 6ms (View: 3, DB: 0) | 200 OK [http://localhost/main]
  [4;36;1mSQL (0.1ms)[0m   [0;1mSET NAMES 'utf8'[0m
  [4;35;1mSQL (0.1ms)[0m   [0mSET SQL_AUTO_IS_NULL=0[0m


Processing MainController#index (for 127.0.0.1 at 2010-03-24 23:32:31) [GET]
Rendering template within layouts/application
Rendering main/index
Rendered shared/_header (0.1ms)
Rendered shared/_footer (0.1ms)
Completed in 7ms (View: 3, DB: 0) | 200 OK [http://localhost/main]
  [4;36;1mSQL (0.1ms)[0m   [0;1mSET NAMES 'utf8'[0m
  [4;35;1mSQL (0.1ms)[0m   [0mSET SQL_AUTO_IS_NULL=0[0m


Processing MainController#index (for 127.0.0.1 at 2010-03-24 23:32:33) [GET]
Rendering template within layouts/application
Rendering main/index
Rendered shared/_header (0.1ms)
Rendered shared/_footer (0.1ms)
Completed in 6ms (View: 3, DB: 0) | 200 OK [http://localhost/main]
  [4;36;1mSQL (0.1ms)[0m   [0;1mSET NAMES 'utf8'[0m
  [4;35;1mSQL (0.1ms)[0m   [0mSET SQL_AUTO_IS_NULL=0[0m


Processing MainController#index (for 127.0.0.1 at 2010-03-24 23:33:54) [GET]
Rendering template within layouts/application
Rendering main/index
Rendered shared/_header (0.2ms)
Rendered shared/_footer (0.1ms)
Completed in 7ms (View: 3, DB: 0) | 200 OK [http://localhost/main]
  [4;36;1mSQL (0.1ms)[0m   [0;1mSET NAMES 'utf8'[0m
  [4;35;1mSQL (0.1ms)[0m   [0mSET SQL_AUTO_IS_NULL=0[0m


Processing MainController#index (for 127.0.0.1 at 2010-03-24 23:33:56) [GET]
Rendering template within layouts/application
Rendering main/index
Rendered shared/_header (0.1ms)
Rendered shared/_footer (0.1ms)
Completed in 6ms (View: 3, DB: 0) | 200 OK [http://localhost/main]
  [4;36;1mSQL (0.1ms)[0m   [0;1mSET NAMES 'utf8'[0m
  [4;35;1mSQL (0.1ms)[0m   [0mSET SQL_AUTO_IS_NULL=0[0m


Processing MainController#index (for 127.0.0.1 at 2010-03-24 23:33:56) [GET]
Rendering template within layouts/application
Rendering main/index
Rendered shared/_header (0.1ms)
Rendered shared/_footer (0.1ms)
Completed in 4ms (View: 2, DB: 0) | 200 OK [http://localhost/main]
  [4;36;1mSQL (0.1ms)[0m   [0;1mSET NAMES 'utf8'[0m
  [4;35;1mSQL (0.1ms)[0m   [0mSET SQL_AUTO_IS_NULL=0[0m


Processing MainController#index (for 127.0.0.1 at 2010-03-24 23:33:57) [GET]
Rendering template within layouts/application
Rendering main/index
Rendered shared/_header (0.3ms)
Rendered shared/_footer (0.1ms)
Completed in 7ms (View: 3, DB: 0) | 200 OK [http://localhost/main]
  [4;36;1mSQL (0.1ms)[0m   [0;1mSET NAMES 'utf8'[0m
  [4;35;1mSQL (0.1ms)[0m   [0mSET SQL_AUTO_IS_NULL=0[0m


Processing MainController#index (for 127.0.0.1 at 2010-03-25 19:27:20) [GET]
Rendering template within layouts/application
Rendering main/index
Completed in 77ms (View: 75, DB: 0) | 200 OK [http://localhost/main]
  [4;36;1mSQL (0.1ms)[0m   [0;1mSET NAMES 'utf8'[0m
  [4;35;1mSQL (0.1ms)[0m   [0mSET SQL_AUTO_IS_NULL=0[0m


Processing ApplicationController#index (for 127.0.0.1 at 2010-03-25 19:27:21) [GET]

ActionController::RoutingError (No route matches "/stylesheets/Img/bg.jpg" with {:method=>:get}):
  

Rendering rescues/layout (not_found)


Processing ApplicationController#index (for 127.0.0.1 at 2010-03-25 19:27:21) [GET]

ActionController::RoutingError (No route matches "/stylesheets/Img/b.jpg" with {:method=>:get}):
  

Rendering rescues/layout (not_found)
  [4;36;1mSQL (0.1ms)[0m   [0;1mSET NAMES 'utf8'[0m
  [4;35;1mSQL (0.1ms)[0m   [0mSET SQL_AUTO_IS_NULL=0[0m


Processing MainController#index (for 127.0.0.1 at 2010-03-25 19:28:28) [GET]
Rendering template within layouts/application
Rendering main/index
Completed in 3ms (View: 1, DB: 0) | 200 OK [http://localhost/main]
  [4;36;1mSQL (0.1ms)[0m   [0;1mSET NAMES 'utf8'[0m
  [4;35;1mSQL (0.1ms)[0m   [0mSET SQL_AUTO_IS_NULL=0[0m


Processing ApplicationController#index (for 127.0.0.1 at 2010-03-25 19:28:28) [GET]

ActionController::RoutingError (No route matches "/stylesheets/Img/bg.jpg" with {:method=>:get}):
  

Rendering rescues/layout (not_found)


Processing ApplicationController#index (for 127.0.0.1 at 2010-03-25 19:28:28) [GET]

ActionController::RoutingError (No route matches "/stylesheets/Img/b.jpg" with {:method=>:get}):
  

Rendering rescues/layout (not_found)
  [4;36;1mSQL (0.1ms)[0m   [0;1mSET NAMES 'utf8'[0m
  [4;35;1mSQL (0.1ms)[0m   [0mSET SQL_AUTO_IS_NULL=0[0m


Processing MainController#index (for 127.0.0.1 at 2010-03-25 19:30:27) [GET]
Rendering template within layouts/application
Rendering main/index
Completed in 4ms (View: 1, DB: 0) | 200 OK [http://localhost/main]
  [4;36;1mSQL (0.1ms)[0m   [0;1mSET NAMES 'utf8'[0m
  [4;35;1mSQL (0.1ms)[0m   [0mSET SQL_AUTO_IS_NULL=0[0m


Processing ApplicationController#index (for 127.0.0.1 at 2010-03-25 19:30:27) [GET]

ActionController::RoutingError (No route matches "/stylesheets/public/images/bg.jpg" with {:method=>:get}):
  

Rendering rescues/layout (not_found)


Processing ApplicationController#index (for 127.0.0.1 at 2010-03-25 19:30:27) [GET]

ActionController::RoutingError (No route matches "/stylesheets/Img/b.jpg" with {:method=>:get}):
  

Rendering rescues/layout (not_found)
  [4;36;1mSQL (0.1ms)[0m   [0;1mSET NAMES 'utf8'[0m
  [4;35;1mSQL (0.1ms)[0m   [0mSET SQL_AUTO_IS_NULL=0[0m


Processing MainController#index (for 127.0.0.1 at 2010-03-25 19:30:29) [GET]
Rendering template within layouts/application
Rendering main/index
Completed in 4ms (View: 1, DB: 0) | 200 OK [http://localhost/main]
  [4;36;1mSQL (0.1ms)[0m   [0;1mSET NAMES 'utf8'[0m
  [4;35;1mSQL (0.1ms)[0m   [0mSET SQL_AUTO_IS_NULL=0[0m


Processing ApplicationController#index (for 127.0.0.1 at 2010-03-25 19:30:29) [GET]

ActionController::RoutingError (No route matches "/stylesheets/public/images/bg.jpg" with {:method=>:get}):
  

Rendering rescues/layout (not_found)


Processing ApplicationController#index (for 127.0.0.1 at 2010-03-25 19:30:29) [GET]

ActionController::RoutingError (No route matches "/stylesheets/Img/b.jpg" with {:method=>:get}):
  

Rendering rescues/layout (not_found)
  [4;36;1mSQL (0.1ms)[0m   [0;1mSET NAMES 'utf8'[0m
  [4;35;1mSQL (0.1ms)[0m   [0mSET SQL_AUTO_IS_NULL=0[0m


Processing MainController#index (for 127.0.0.1 at 2010-03-25 19:32:20) [GET]
Rendering template within layouts/application
Rendering main/index
Completed in 4ms (View: 1, DB: 0) | 200 OK [http://localhost/main]
  [4;36;1mSQL (0.1ms)[0m   [0;1mSET NAMES 'utf8'[0m
  [4;35;1mSQL (0.1ms)[0m   [0mSET SQL_AUTO_IS_NULL=0[0m


Processing ApplicationController#index (for 127.0.0.1 at 2010-03-25 19:32:20) [GET]

ActionController::RoutingError (No route matches "/images/b.jpg" with {:method=>:get}):
  

Rendering rescues/layout (not_found)
  [4;36;1mSQL (0.1ms)[0m   [0;1mSET NAMES 'utf8'[0m
  [4;35;1mSQL (0.1ms)[0m   [0mSET SQL_AUTO_IS_NULL=0[0m


Processing ApplicationController#index (for 127.0.0.1 at 2010-03-25 19:32:28) [GET]

ActionController::RoutingError (No route matches "/index.htm" with {:method=>:get}):
  

Rendering rescues/layout (not_found)
  [4;36;1mSQL (0.1ms)[0m   [0;1mSET NAMES 'utf8'[0m
  [4;35;1mSQL (0.1ms)[0m   [0mSET SQL_AUTO_IS_NULL=0[0m


Processing MainController#index (for 127.0.0.1 at 2010-03-25 19:34:51) [GET]
Rendering template within layouts/application
Rendering main/index
Completed in 54ms (View: 52, DB: 0) | 200 OK [http://localhost/main]
  [4;36;1mSQL (0.1ms)[0m   [0;1mSET NAMES 'utf8'[0m
  [4;35;1mSQL (0.1ms)[0m   [0mSET SQL_AUTO_IS_NULL=0[0m


Processing ApplicationController#index (for 127.0.0.1 at 2010-03-25 19:34:51) [GET]

ActionController::RoutingError (No route matches "/images/b.jpg" with {:method=>:get}):
  

Rendering rescues/layout (not_found)
  [4;36;1mSQL (0.1ms)[0m   [0;1mSET NAMES 'utf8'[0m
  [4;35;1mSQL (0.1ms)[0m   [0mSET SQL_AUTO_IS_NULL=0[0m


Processing MainController#index (for 127.0.0.1 at 2010-03-25 19:36:24) [GET]
Rendering template within layouts/application
Rendering main/index
Completed in 7ms (View: 5, DB: 0) | 200 OK [http://localhost/main]
  [4;36;1mSQL (0.1ms)[0m   [0;1mSET NAMES 'utf8'[0m
  [4;35;1mSQL (0.1ms)[0m   [0mSET SQL_AUTO_IS_NULL=0[0m


Processing ApplicationController#index (for 127.0.0.1 at 2010-03-25 19:36:24) [GET]

ActionController::RoutingError (No route matches "/images/b.jpg" with {:method=>:get}):
  

Rendering rescues/layout (not_found)
  [4;36;1mSQL (0.1ms)[0m   [0;1mSET NAMES 'utf8'[0m
  [4;35;1mSQL (0.1ms)[0m   [0mSET SQL_AUTO_IS_NULL=0[0m


Processing MainController#index (for 127.0.0.1 at 2010-03-25 19:42:50) [GET]
Rendering template within layouts/application
Rendering main/index
Completed in 8ms (View: 6, DB: 0) | 200 OK [http://localhost/main]
  [4;36;1mSQL (0.1ms)[0m   [0;1mSET NAMES 'utf8'[0m
  [4;35;1mSQL (0.1ms)[0m   [0mSET SQL_AUTO_IS_NULL=0[0m


Processing ApplicationController#index (for 127.0.0.1 at 2010-03-25 19:42:50) [GET]

ActionController::RoutingError (No route matches "/stylesheets/Img/bg.jpg" with {:method=>:get}):
  

Rendering rescues/layout (not_found)
  [4;36;1mSQL (0.1ms)[0m   [0;1mSET NAMES 'utf8'[0m
  [4;35;1mSQL (0.1ms)[0m   [0mSET SQL_AUTO_IS_NULL=0[0m


Processing MainController#index (for 127.0.0.1 at 2010-03-25 19:44:17) [GET]
Rendering template within layouts/application
Rendering main/index
Completed in 8ms (View: 6, DB: 0) | 200 OK [http://localhost/main]
  [4;36;1mSQL (0.2ms)[0m   [0;1mSET NAMES 'utf8'[0m
  [4;35;1mSQL (0.1ms)[0m   [0mSET SQL_AUTO_IS_NULL=0[0m


Processing ApplicationController#index (for 127.0.0.1 at 2010-03-25 19:44:17) [GET]

ActionController::RoutingError (No route matches "/stylesheets/Img/bg.jpg" with {:method=>:get}):
  

Rendering rescues/layout (not_found)
  [4;36;1mSQL (0.1ms)[0m   [0;1mSET NAMES 'utf8'[0m
  [4;35;1mSQL (0.1ms)[0m   [0mSET SQL_AUTO_IS_NULL=0[0m


Processing ApplicationController#index (for 127.0.0.1 at 2010-03-25 19:44:17) [GET]

ActionController::RoutingError (No route matches "/stylesheets/Img/b.jpg" with {:method=>:get}):
  

Rendering rescues/layout (not_found)
  [4;36;1mSQL (0.1ms)[0m   [0;1mSET NAMES 'utf8'[0m
  [4;35;1mSQL (0.1ms)[0m   [0mSET SQL_AUTO_IS_NULL=0[0m


Processing MainController#index (for 127.0.0.1 at 2010-03-25 19:45:04) [GET]
Rendering template within layouts/application
Rendering main/index
Completed in 4ms (View: 1, DB: 0) | 200 OK [http://localhost/main]
  [4;36;1mSQL (0.1ms)[0m   [0;1mSET NAMES 'utf8'[0m
  [4;35;1mSQL (0.1ms)[0m   [0mSET SQL_AUTO_IS_NULL=0[0m


Processing ApplicationController#index (for 127.0.0.1 at 2010-03-25 19:45:04) [GET]

ActionController::RoutingError (No route matches "/stylesheets/Img/b.jpg" with {:method=>:get}):
  

Rendering rescues/layout (not_found)
  [4;36;1mSQL (0.1ms)[0m   [0;1mSET NAMES 'utf8'[0m
  [4;35;1mSQL (0.1ms)[0m   [0mSET SQL_AUTO_IS_NULL=0[0m


Processing MainController#index (for 127.0.0.1 at 2010-03-25 19:50:34) [GET]
Rendering template within layouts/application
Rendering main/index
Completed in 8ms (View: 6, DB: 0) | 200 OK [http://localhost/main]
  [4;36;1mSQL (0.1ms)[0m   [0;1mSET NAMES 'utf8'[0m
  [4;35;1mSQL (0.2ms)[0m   [0mSET SQL_AUTO_IS_NULL=0[0m


Processing MainController#index (for 127.0.0.1 at 2010-03-25 19:51:54) [GET]
Rendering template within layouts/application
Rendering main/index
Completed in 8ms (View: 6, DB: 0) | 200 OK [http://localhost/main]
  [4;36;1mSQL (0.1ms)[0m   [0;1mSET NAMES 'utf8'[0m
  [4;35;1mSQL (0.1ms)[0m   [0mSET SQL_AUTO_IS_NULL=0[0m


Processing MainController#index (for 127.0.0.1 at 2010-03-25 19:51:56) [GET]
Rendering template within layouts/application
Rendering main/index
Completed in 3ms (View: 1, DB: 0) | 200 OK [http://localhost/main]
  [4;36;1mSQL (0.1ms)[0m   [0;1mSET NAMES 'utf8'[0m
  [4;35;1mSQL (0.1ms)[0m   [0mSET SQL_AUTO_IS_NULL=0[0m


Processing MainController#index (for 127.0.0.1 at 2010-03-25 19:51:56) [GET]
Rendering template within layouts/application
Rendering main/index
Completed in 4ms (View: 1, DB: 0) | 200 OK [http://localhost/main]
  [4;36;1mSQL (0.1ms)[0m   [0;1mSET NAMES 'utf8'[0m
  [4;35;1mSQL (0.1ms)[0m   [0mSET SQL_AUTO_IS_NULL=0[0m


Processing MainController#index (for 127.0.0.1 at 2010-03-25 19:51:56) [GET]
Rendering template within layouts/application
Rendering main/index
Completed in 4ms (View: 1, DB: 0) | 200 OK [http://localhost/main]
  [4;36;1mSQL (0.1ms)[0m   [0;1mSET NAMES 'utf8'[0m
  [4;35;1mSQL (0.1ms)[0m   [0mSET SQL_AUTO_IS_NULL=0[0m


Processing MainController#index (for 127.0.0.1 at 2010-03-25 19:51:56) [GET]
Rendering template within layouts/application
Rendering main/index
Completed in 3ms (View: 1, DB: 0) | 200 OK [http://localhost/main]
  [4;36;1mSQL (0.1ms)[0m   [0;1mSET NAMES 'utf8'[0m
  [4;35;1mSQL (0.1ms)[0m   [0mSET SQL_AUTO_IS_NULL=0[0m


Processing MainController#index (for 127.0.0.1 at 2010-03-25 19:52:33) [GET]
Rendering template within layouts/application
Rendering main/index
Completed in 8ms (View: 6, DB: 0) | 200 OK [http://localhost/main]
  [4;36;1mSQL (0.1ms)[0m   [0;1mSET NAMES 'utf8'[0m
  [4;35;1mSQL (0.1ms)[0m   [0mSET SQL_AUTO_IS_NULL=0[0m


Processing MainController#index (for 127.0.0.1 at 2010-03-25 19:52:33) [GET]
Rendering template within layouts/application
Rendering main/index
Completed in 3ms (View: 1, DB: 0) | 200 OK [http://localhost/main]
  [4;36;1mSQL (0.1ms)[0m   [0;1mSET NAMES 'utf8'[0m
  [4;35;1mSQL (0.1ms)[0m   [0mSET SQL_AUTO_IS_NULL=0[0m


Processing MainController#index (for 127.0.0.1 at 2010-03-25 19:52:34) [GET]
Rendering template within layouts/application
Rendering main/index
Completed in 3ms (View: 1, DB: 0) | 200 OK [http://localhost/main]
  [4;36;1mSQL (0.1ms)[0m   [0;1mSET NAMES 'utf8'[0m
  [4;35;1mSQL (0.1ms)[0m   [0mSET SQL_AUTO_IS_NULL=0[0m


Processing MainController#index (for 127.0.0.1 at 2010-03-25 19:53:07) [GET]
Rendering template within layouts/application
Rendering main/index
Completed in 7ms (View: 5, DB: 0) | 200 OK [http://localhost/main]
  [4;36;1mSQL (0.1ms)[0m   [0;1mSET NAMES 'utf8'[0m
  [4;35;1mSQL (0.1ms)[0m   [0mSET SQL_AUTO_IS_NULL=0[0m


Processing MainController#index (for 127.0.0.1 at 2010-03-25 19:53:07) [GET]
Rendering template within layouts/application
Rendering main/index
Completed in 51ms (View: 13, DB: 0) | 200 OK [http://localhost/main]
  [4;36;1mSQL (0.1ms)[0m   [0;1mSET NAMES 'utf8'[0m
  [4;35;1mSQL (0.1ms)[0m   [0mSET SQL_AUTO_IS_NULL=0[0m


Processing MainController#index (for 127.0.0.1 at 2010-03-25 19:53:20) [GET]
Rendering template within layouts/application
Rendering main/index
Completed in 7ms (View: 4, DB: 0) | 200 OK [http://localhost/main]
  [4;36;1mSQL (0.1ms)[0m   [0;1mSET NAMES 'utf8'[0m
  [4;35;1mSQL (0.1ms)[0m   [0mSET SQL_AUTO_IS_NULL=0[0m


Processing MainController#index (for 127.0.0.1 at 2010-03-25 19:55:06) [GET]
Rendering template within layouts/application
Rendering main/index
ERROR: compiling _run_erb_app47views47layouts47application46html46erb RAISED compile error
/home/sapthagiri/work/portfolio/app/views/layouts/application.html.erb:14: syntax error, unexpected tASSOC, expecting tSTRING_CONTENT or tSTRING_DBEG or tSTRING_DVAR or tSTRING_END
...er.concat(( render_partial(:=> 'shared/header') ).to_s); @ou...
                              ^
/home/sapthagiri/work/portfolio/app/views/layouts/application.html.erb:14: syntax error, unexpected ')', expecting kEND
...l(:=> 'shared/header') ).to_s); @output_buffer.concat "\n\n\...
                              ^
Function body:           def _run_erb_app47views47layouts47application46html46erb(local_assigns)
            old_output_buffer = output_buffer;;@output_buffer = '';  __in_erb_template=true ; @output_buffer.concat "<!DOCTYPE html PUBLIC \"-//W3C//DTD XHTML 1.0 Transitional//EN\"\n\t\"http://www.w3.org/TR/xhtml1/DTD/xhtml1-transitional.dtd\">\n\n<html xmlns=\"http://www.w3.org/1999/xhtml\">\n\n<head> <title> Sapthagiri</title> \n\n"






; @output_buffer.concat(( stylesheet_link_tag ('styles') ).to_s); @output_buffer.concat "\n"
; @output_buffer.concat(( stylesheet_link_tag ('style2') ).to_s); @output_buffer.concat "\n\n</head>\n\n<body> \n"




; @output_buffer.concat(( render_partial(:=> 'shared/header') ).to_s); @output_buffer.concat "\n\n\n\n</body>\n\n</html>\n\n"







; @output_buffer
          ensure
            self.output_buffer = old_output_buffer
          end
Backtrace: /home/sapthagiri/work/portfolio/app/views/layouts/application.html.erb:25:in `compile!'
/usr/lib/ruby/gems/1.8/gems/actionpack-2.3.3/lib/action_view/renderable.rb:61:in `compile'
/usr/lib/ruby/gems/1.8/gems/actionpack-2.3.3/lib/action_view/renderable.rb:28:in `render'
/usr/lib/ruby/gems/1.8/gems/actionpack-2.3.3/lib/action_view/template.rb:199:in `render_template'
/usr/lib/ruby/gems/1.8/gems/actionpack-2.3.3/lib/action_view/base.rb:260:in `render'
/usr/lib/ruby/gems/1.8/gems/actionpack-2.3.3/lib/action_view/base.rb:347:in `_render_with_layout'
/usr/lib/ruby/gems/1.8/gems/actionpack-2.3.3/lib/action_view/base.rb:257:in `render'
/usr/lib/ruby/gems/1.8/gems/actionpack-2.3.3/lib/action_controller/base.rb:1246:in `render_for_file'
/usr/lib/ruby/gems/1.8/gems/actionpack-2.3.3/lib/action_controller/base.rb:941:in `render_without_benchmark'
/usr/lib/ruby/gems/1.8/gems/actionpack-2.3.3/lib/action_controller/benchmarking.rb:51:in `render'
/usr/lib/ruby/gems/1.8/gems/activesupport-2.3.3/lib/active_support/core_ext/benchmark.rb:17:in `ms'
/usr/lib/ruby/1.8/benchmark.rb:308:in `realtime'
/usr/lib/ruby/gems/1.8/gems/activesupport-2.3.3/lib/active_support/core_ext/benchmark.rb:17:in `ms'
/usr/lib/ruby/gems/1.8/gems/actionpack-2.3.3/lib/action_controller/benchmarking.rb:51:in `render'
/usr/lib/ruby/gems/1.8/gems/actionpack-2.3.3/lib/action_controller/base.rb:1322:in `default_render'
/usr/lib/ruby/gems/1.8/gems/actionpack-2.3.3/lib/action_controller/base.rb:1328:in `perform_action_without_filters'
/usr/lib/ruby/gems/1.8/gems/actionpack-2.3.3/lib/action_controller/filters.rb:617:in `call_filters'
/usr/lib/ruby/gems/1.8/gems/actionpack-2.3.3/lib/action_controller/filters.rb:610:in `perform_action_without_benchmark'
/usr/lib/ruby/gems/1.8/gems/actionpack-2.3.3/lib/action_controller/benchmarking.rb:68:in `perform_action_without_rescue'
/usr/lib/ruby/gems/1.8/gems/activesupport-2.3.3/lib/active_support/core_ext/benchmark.rb:17:in `ms'
/usr/lib/ruby/1.8/benchmark.rb:308:in `realtime'
/usr/lib/ruby/gems/1.8/gems/activesupport-2.3.3/lib/active_support/core_ext/benchmark.rb:17:in `ms'
/usr/lib/ruby/gems/1.8/gems/actionpack-2.3.3/lib/action_controller/benchmarking.rb:68:in `perform_action_without_rescue'
/usr/lib/ruby/gems/1.8/gems/actionpack-2.3.3/lib/action_controller/rescue.rb:160:in `perform_action_without_flash'
/usr/lib/ruby/gems/1.8/gems/actionpack-2.3.3/lib/action_controller/flash.rb:146:in `perform_action'
/usr/lib/ruby/gems/1.8/gems/actionpack-2.3.3/lib/action_controller/base.rb:527:in `send'
/usr/lib/ruby/gems/1.8/gems/actionpack-2.3.3/lib/action_controller/base.rb:527:in `process_without_filters'
/usr/lib/ruby/gems/1.8/gems/actionpack-2.3.3/lib/action_controller/filters.rb:606:in `process'
/usr/lib/ruby/gems/1.8/gems/actionpack-2.3.3/lib/action_controller/base.rb:391:in `process'
/usr/lib/ruby/gems/1.8/gems/actionpack-2.3.3/lib/action_controller/base.rb:386:in `call'
/usr/lib/ruby/gems/1.8/gems/actionpack-2.3.3/lib/action_controller/routing/route_set.rb:434:in `call'
/usr/lib/ruby/gems/1.8/gems/actionpack-2.3.3/lib/action_controller/dispatcher.rb:88:in `dispatch'
/usr/lib/ruby/gems/1.8/gems/actionpack-2.3.3/lib/action_controller/dispatcher.rb:111:in `_call'
/usr/lib/ruby/gems/1.8/gems/actionpack-2.3.3/lib/action_controller/dispatcher.rb:82:in `initialize'
/usr/lib/ruby/gems/1.8/gems/activerecord-2.3.3/lib/active_record/query_cache.rb:29:in `call'
/usr/lib/ruby/gems/1.8/gems/activerecord-2.3.3/lib/active_record/query_cache.rb:29:in `call'
/usr/lib/ruby/gems/1.8/gems/activerecord-2.3.3/lib/active_record/connection_adapters/abstract/query_cache.rb:34:in `cache'
/usr/lib/ruby/gems/1.8/gems/activerecord-2.3.3/lib/active_record/query_cache.rb:9:in `cache'
/usr/lib/ruby/gems/1.8/gems/activerecord-2.3.3/lib/active_record/query_cache.rb:28:in `call'
/usr/lib/ruby/gems/1.8/gems/activerecord-2.3.3/lib/active_record/connection_adapters/abstract/connection_pool.rb:361:in `call'
/usr/lib/ruby/gems/1.8/gems/rack-1.0.0/lib/rack/head.rb:9:in `call'
/usr/lib/ruby/gems/1.8/gems/rack-1.0.0/lib/rack/methodoverride.rb:24:in `call'
/usr/lib/ruby/gems/1.8/gems/actionpack-2.3.3/lib/action_controller/params_parser.rb:15:in `call'
/usr/lib/ruby/gems/1.8/gems/actionpack-2.3.3/lib/action_controller/session/cookie_store.rb:93:in `call'
/usr/lib/ruby/gems/1.8/gems/actionpack-2.3.3/lib/action_controller/reloader.rb:29:in `call'
/usr/lib/ruby/gems/1.8/gems/actionpack-2.3.3/lib/action_controller/failsafe.rb:26:in `call'
/usr/lib/ruby/gems/1.8/gems/rack-1.0.0/lib/rack/lock.rb:11:in `call'
/usr/lib/ruby/gems/1.8/gems/rack-1.0.0/lib/rack/lock.rb:11:in `synchronize'
/usr/lib/ruby/gems/1.8/gems/rack-1.0.0/lib/rack/lock.rb:11:in `call'
/usr/lib/ruby/gems/1.8/gems/actionpack-2.3.3/lib/action_controller/dispatcher.rb:106:in `call'
/usr/lib/ruby/gems/1.8/gems/rails-2.3.3/lib/rails/rack/static.rb:31:in `call'
/usr/lib/ruby/gems/1.8/gems/rack-1.0.0/lib/rack/urlmap.rb:46:in `call'
/usr/lib/ruby/gems/1.8/gems/rack-1.0.0/lib/rack/urlmap.rb:40:in `each'
/usr/lib/ruby/gems/1.8/gems/rack-1.0.0/lib/rack/urlmap.rb:40:in `call'
/usr/lib/ruby/gems/1.8/gems/rails-2.3.3/lib/rails/rack/log_tailer.rb:17:in `call'
/usr/lib/ruby/gems/1.8/gems/rack-1.0.0/lib/rack/content_length.rb:13:in `call'
/usr/lib/ruby/gems/1.8/gems/rack-1.0.0/lib/rack/chunked.rb:15:in `call'
/usr/lib/ruby/gems/1.8/gems/rack-1.0.0/lib/rack/handler/mongrel.rb:61:in `process'
/usr/lib/ruby/gems/1.8/gems/mongrel-1.1.5/lib/mongrel.rb:159:in `process_client'
/usr/lib/ruby/gems/1.8/gems/mongrel-1.1.5/lib/mongrel.rb:158:in `each'
/usr/lib/ruby/gems/1.8/gems/mongrel-1.1.5/lib/mongrel.rb:158:in `process_client'
/usr/lib/ruby/gems/1.8/gems/mongrel-1.1.5/lib/mongrel.rb:285:in `run'
/usr/lib/ruby/gems/1.8/gems/mongrel-1.1.5/lib/mongrel.rb:285:in `initialize'
/usr/lib/ruby/gems/1.8/gems/mongrel-1.1.5/lib/mongrel.rb:285:in `new'
/usr/lib/ruby/gems/1.8/gems/mongrel-1.1.5/lib/mongrel.rb:285:in `run'
/usr/lib/ruby/gems/1.8/gems/mongrel-1.1.5/lib/mongrel.rb:268:in `initialize'
/usr/lib/ruby/gems/1.8/gems/mongrel-1.1.5/lib/mongrel.rb:268:in `new'
/usr/lib/ruby/gems/1.8/gems/mongrel-1.1.5/lib/mongrel.rb:268:in `run'
/usr/lib/ruby/gems/1.8/gems/rack-1.0.0/lib/rack/handler/mongrel.rb:34:in `run'
/usr/lib/ruby/gems/1.8/gems/rails-2.3.3/lib/commands/server.rb:111
/usr/local/lib/site_ruby/1.8/rubygems/custom_require.rb:31:in `gem_original_require'
/usr/local/lib/site_ruby/1.8/rubygems/custom_require.rb:31:in `require'
script/server:3

ActionView::TemplateError (compile error
/home/sapthagiri/work/portfolio/app/views/layouts/application.html.erb:14: syntax error, unexpected tASSOC, expecting tSTRING_CONTENT or tSTRING_DBEG or tSTRING_DVAR or tSTRING_END
...er.concat(( render_partial(:=> 'shared/header') ).to_s); @ou...
                              ^
/home/sapthagiri/work/portfolio/app/views/layouts/application.html.erb:14: syntax error, unexpected ')', expecting kEND
...l(:=> 'shared/header') ).to_s); @output_buffer.concat "\n\n\...
                              ^) on line #14 of app/views/layouts/application.html.erb:
11: </head>
12: 
13: <body> 
14: <%= render_partial(:=> 'shared/header') %>
15: 
16: 
17: 

    app/views/layouts/application.html.erb:25:in `compile!'

Rendered rescues/_trace (48.3ms)
Rendered rescues/_request_and_response (1.5ms)
Rendering rescues/layout (internal_server_error)
  [4;36;1mSQL (0.1ms)[0m   [0;1mSET NAMES 'utf8'[0m
  [4;35;1mSQL (0.1ms)[0m   [0mSET SQL_AUTO_IS_NULL=0[0m


Processing MainController#index (for 127.0.0.1 at 2010-03-25 19:56:05) [GET]
Rendering template within layouts/application
Rendering main/index
Rendered shared/_header (0.7ms)
Completed in 12ms (View: 10, DB: 0) | 200 OK [http://localhost/main]
  [4;36;1mSQL (0.1ms)[0m   [0;1mSET NAMES 'utf8'[0m
  [4;35;1mSQL (0.1ms)[0m   [0mSET SQL_AUTO_IS_NULL=0[0m


Processing ApplicationController#index (for 127.0.0.1 at 2010-03-25 19:56:05) [GET]

ActionController::RoutingError (No route matches "/stylesheets/Img/b.jpg" with {:method=>:get}):
  

Rendering rescues/layout (not_found)
  [4;36;1mSQL (0.1ms)[0m   [0;1mSET NAMES 'utf8'[0m
  [4;35;1mSQL (0.1ms)[0m   [0mSET SQL_AUTO_IS_NULL=0[0m


Processing MainController#index (for 127.0.0.1 at 2010-03-25 19:56:36) [GET]
Rendering template within layouts/application
Rendering main/index
Rendered shared/_header (0.1ms)
Rendered shared/_footer (0.5ms)
Completed in 79ms (View: 77, DB: 0) | 200 OK [http://localhost/main]
  [4;36;1mSQL (0.3ms)[0m   [0;1mSET NAMES 'utf8'[0m
  [4;35;1mSQL (0.1ms)[0m   [0mSET SQL_AUTO_IS_NULL=0[0m


Processing ApplicationController#index (for 127.0.0.1 at 2010-03-25 19:56:36) [GET]

ActionController::RoutingError (No route matches "/stylesheets/Img/b.jpg" with {:method=>:get}):
  

Rendering rescues/layout (not_found)
  [4;36;1mSQL (0.1ms)[0m   [0;1mSET NAMES 'utf8'[0m
  [4;35;1mSQL (0.1ms)[0m   [0mSET SQL_AUTO_IS_NULL=0[0m


Processing MainController#index (for 127.0.0.1 at 2010-03-25 19:56:54) [GET]
Rendering template within layouts/application
Rendering main/index
Rendered shared/_header (0.1ms)
Rendered shared/_footer (0.1ms)
Completed in 8ms (View: 5, DB: 0) | 200 OK [http://localhost/main]
  [4;36;1mSQL (0.1ms)[0m   [0;1mSET NAMES 'utf8'[0m
  [4;35;1mSQL (0.1ms)[0m   [0mSET SQL_AUTO_IS_NULL=0[0m


Processing ApplicationController#index (for 127.0.0.1 at 2010-03-25 19:56:54) [GET]

ActionController::RoutingError (No route matches "/stylesheets/Img/b.jpg" with {:method=>:get}):
  

Rendering rescues/layout (not_found)
  [4;36;1mSQL (0.1ms)[0m   [0;1mSET NAMES 'utf8'[0m
  [4;35;1mSQL (0.1ms)[0m   [0mSET SQL_AUTO_IS_NULL=0[0m


Processing MainController#index (for 127.0.0.1 at 2010-03-25 19:57:24) [GET]
Rendering template within layouts/application
Rendering main/index
Rendered shared/_header (0.1ms)
Rendered shared/_footer (0.1ms)
Completed in 8ms (View: 6, DB: 0) | 200 OK [http://localhost/main]
  [4;36;1mSQL (0.1ms)[0m   [0;1mSET NAMES 'utf8'[0m
  [4;35;1mSQL (0.1ms)[0m   [0mSET SQL_AUTO_IS_NULL=0[0m


Processing ApplicationController#index (for 127.0.0.1 at 2010-03-25 19:57:24) [GET]

ActionController::RoutingError (No route matches "/stylesheets/Img/b.jpg" with {:method=>:get}):
  

Rendering rescues/layout (not_found)
  [4;36;1mSQL (0.1ms)[0m   [0;1mSET NAMES 'utf8'[0m
  [4;35;1mSQL (0.1ms)[0m   [0mSET SQL_AUTO_IS_NULL=0[0m


Processing MainController#index (for 127.0.0.1 at 2010-03-25 19:57:37) [GET]
Rendering template within layouts/application
Rendering main/index
Rendered shared/_header (0.1ms)
Rendered shared/_footer (0.1ms)
Completed in 8ms (View: 5, DB: 0) | 200 OK [http://localhost/main]
  [4;36;1mSQL (0.1ms)[0m   [0;1mSET NAMES 'utf8'[0m
  [4;35;1mSQL (0.1ms)[0m   [0mSET SQL_AUTO_IS_NULL=0[0m


Processing ApplicationController#index (for 127.0.0.1 at 2010-03-25 19:57:37) [GET]

ActionController::RoutingError (No route matches "/stylesheets/Img/b.jpg" with {:method=>:get}):
  

Rendering rescues/layout (not_found)
  [4;36;1mSQL (0.1ms)[0m   [0;1mSET NAMES 'utf8'[0m
  [4;35;1mSQL (0.1ms)[0m   [0mSET SQL_AUTO_IS_NULL=0[0m


Processing MainController#index (for 127.0.0.1 at 2010-03-25 19:57:49) [GET]
Rendering template within layouts/application
Rendering main/index
Rendered shared/_header (0.1ms)
Rendered shared/_footer (0.1ms)
Completed in 8ms (View: 5, DB: 0) | 200 OK [http://localhost/main]
  [4;36;1mSQL (0.1ms)[0m   [0;1mSET NAMES 'utf8'[0m
  [4;35;1mSQL (0.1ms)[0m   [0mSET SQL_AUTO_IS_NULL=0[0m


Processing ApplicationController#index (for 127.0.0.1 at 2010-03-25 19:57:49) [GET]

ActionController::RoutingError (No route matches "/stylesheets/Img/b.jpg" with {:method=>:get}):
  

Rendering rescues/layout (not_found)
  [4;36;1mSQL (0.1ms)[0m   [0;1mSET NAMES 'utf8'[0m
  [4;35;1mSQL (0.1ms)[0m   [0mSET SQL_AUTO_IS_NULL=0[0m


Processing MainController#index (for 127.0.0.1 at 2010-03-25 19:59:20) [GET]
Rendering template within layouts/application
Rendering main/index
Rendered shared/_header (0.1ms)
Rendered shared/_footer (0.1ms)
Completed in 8ms (View: 6, DB: 0) | 200 OK [http://localhost/main]
  [4;36;1mSQL (0.1ms)[0m   [0;1mSET NAMES 'utf8'[0m
  [4;35;1mSQL (0.1ms)[0m   [0mSET SQL_AUTO_IS_NULL=0[0m


Processing ApplicationController#index (for 127.0.0.1 at 2010-03-25 19:59:20) [GET]

ActionController::RoutingError (No route matches "/stylesheets/Img/b.jpg" with {:method=>:get}):
  

Rendering rescues/layout (not_found)
  [4;36;1mSQL (0.2ms)[0m   [0;1mSET NAMES 'utf8'[0m
  [4;35;1mSQL (0.1ms)[0m   [0mSET SQL_AUTO_IS_NULL=0[0m


Processing MainController#index (for 127.0.0.1 at 2010-03-25 20:00:31) [GET]
Rendering template within layouts/application
Rendering main/index
Rendered shared/_header (0.1ms)
Rendered shared/_footer (0.1ms)
Completed in 8ms (View: 6, DB: 0) | 200 OK [http://localhost/main]
  [4;36;1mSQL (0.1ms)[0m   [0;1mSET NAMES 'utf8'[0m
  [4;35;1mSQL (0.1ms)[0m   [0mSET SQL_AUTO_IS_NULL=0[0m


Processing ApplicationController#index (for 127.0.0.1 at 2010-03-25 20:00:31) [GET]

ActionController::RoutingError (No route matches "/stylesheets/Img/b.jpg" with {:method=>:get}):
  

Rendering rescues/layout (not_found)
  [4;36;1mSQL (0.2ms)[0m   [0;1mSET NAMES 'utf8'[0m
  [4;35;1mSQL (0.4ms)[0m   [0mSET SQL_AUTO_IS_NULL=0[0m


Processing MainController#index (for 127.0.0.1 at 2010-03-25 20:33:07) [GET]
Rendering template within layouts/application
Rendering main/index
Rendered shared/_header (0.1ms)
Rendered shared/_footer (0.1ms)
Completed in 8ms (View: 6, DB: 1) | 200 OK [http://localhost/main]
  [4;36;1mSQL (0.1ms)[0m   [0;1mSET NAMES 'utf8'[0m
  [4;35;1mSQL (0.1ms)[0m   [0mSET SQL_AUTO_IS_NULL=0[0m


Processing ApplicationController#index (for 127.0.0.1 at 2010-03-25 20:33:07) [GET]

ActionController::RoutingError (No route matches "/stylesheets/Img/b.jpg" with {:method=>:get}):
  

Rendering rescues/layout (not_found)
  [4;36;1mSQL (0.1ms)[0m   [0;1mSET NAMES 'utf8'[0m
  [4;35;1mSQL (0.1ms)[0m   [0mSET SQL_AUTO_IS_NULL=0[0m


Processing MainController#index (for 127.0.0.1 at 2010-03-25 20:33:27) [GET]
Rendering template within layouts/application
Rendering main/index
Rendered shared/_header (0.1ms)
Rendered shared/_footer (0.1ms)
Completed in 8ms (View: 5, DB: 0) | 200 OK [http://localhost/main]
  [4;36;1mSQL (0.1ms)[0m   [0;1mSET NAMES 'utf8'[0m
  [4;35;1mSQL (0.1ms)[0m   [0mSET SQL_AUTO_IS_NULL=0[0m


Processing ApplicationController#index (for 127.0.0.1 at 2010-03-25 20:33:27) [GET]

ActionController::RoutingError (No route matches "/stylesheets/Img/b.jpg" with {:method=>:get}):
  

Rendering rescues/layout (not_found)
  [4;36;1mSQL (0.1ms)[0m   [0;1mSET NAMES 'utf8'[0m
  [4;35;1mSQL (0.1ms)[0m   [0mSET SQL_AUTO_IS_NULL=0[0m


Processing MainController#index (for 127.0.0.1 at 2010-03-25 20:39:55) [GET]
Rendering template within layouts/application
Rendering main/index
Rendered shared/_header (0.1ms)
Rendered shared/_footer (0.1ms)
Completed in 8ms (View: 6, DB: 0) | 200 OK [http://localhost/main]
  [4;36;1mSQL (0.1ms)[0m   [0;1mSET NAMES 'utf8'[0m
  [4;35;1mSQL (0.1ms)[0m   [0mSET SQL_AUTO_IS_NULL=0[0m


Processing ApplicationController#index (for 127.0.0.1 at 2010-03-25 20:39:55) [GET]

ActionController::RoutingError (No route matches "/stylesheets/Img/b.jpg" with {:method=>:get}):
  

Rendering rescues/layout (not_found)
  [4;36;1mSQL (0.1ms)[0m   [0;1mSET NAMES 'utf8'[0m
  [4;35;1mSQL (0.1ms)[0m   [0mSET SQL_AUTO_IS_NULL=0[0m


Processing MainController#index (for 127.0.0.1 at 2010-03-25 20:41:10) [GET]
Rendering template within layouts/application
Rendering main/index
Rendered shared/_header (0.1ms)
Rendered shared/_footer (0.1ms)
Completed in 8ms (View: 6, DB: 0) | 200 OK [http://localhost/main]
  [4;36;1mSQL (0.1ms)[0m   [0;1mSET NAMES 'utf8'[0m
  [4;35;1mSQL (0.1ms)[0m   [0mSET SQL_AUTO_IS_NULL=0[0m


Processing ApplicationController#index (for 127.0.0.1 at 2010-03-25 20:41:10) [GET]

ActionController::RoutingError (No route matches "/stylesheets/Img/b.jpg" with {:method=>:get}):
  

Rendering rescues/layout (not_found)
  [4;36;1mSQL (0.1ms)[0m   [0;1mSET NAMES 'utf8'[0m
  [4;35;1mSQL (0.1ms)[0m   [0mSET SQL_AUTO_IS_NULL=0[0m


Processing MainController#index (for 127.0.0.1 at 2010-03-25 20:41:26) [GET]
Rendering template within layouts/application
Rendering main/index
Rendered shared/_header (0.1ms)
Rendered shared/_footer (0.1ms)
Completed in 8ms (View: 6, DB: 0) | 200 OK [http://localhost/main]
  [4;36;1mSQL (0.1ms)[0m   [0;1mSET NAMES 'utf8'[0m
  [4;35;1mSQL (0.1ms)[0m   [0mSET SQL_AUTO_IS_NULL=0[0m


Processing ApplicationController#index (for 127.0.0.1 at 2010-03-25 20:41:26) [GET]

ActionController::RoutingError (No route matches "/stylesheets/Img/b.jpg" with {:method=>:get}):
  

Rendering rescues/layout (not_found)
  [4;36;1mSQL (0.1ms)[0m   [0;1mSET NAMES 'utf8'[0m
  [4;35;1mSQL (0.1ms)[0m   [0mSET SQL_AUTO_IS_NULL=0[0m


Processing MainController#index (for 127.0.0.1 at 2010-03-25 20:44:09) [GET]
Rendering template within layouts/application
Rendering main/index
Rendered shared/_header (0.7ms)
Rendered shared/_footer (0.1ms)
Completed in 11ms (View: 8, DB: 0) | 200 OK [http://localhost/main]
  [4;36;1mSQL (0.1ms)[0m   [0;1mSET NAMES 'utf8'[0m
  [4;35;1mSQL (0.1ms)[0m   [0mSET SQL_AUTO_IS_NULL=0[0m


Processing ApplicationController#index (for 127.0.0.1 at 2010-03-25 20:44:09) [GET]

ActionController::RoutingError (No route matches "/stylesheets/Img/b.jpg" with {:method=>:get}):
  

Rendering rescues/layout (not_found)
  [4;36;1mSQL (0.1ms)[0m   [0;1mSET NAMES 'utf8'[0m
  [4;35;1mSQL (0.1ms)[0m   [0mSET SQL_AUTO_IS_NULL=0[0m


Processing ApplicationController#index (for 127.0.0.1 at 2010-03-25 20:44:29) [GET]

ActionController::RoutingError (No route matches "/index.htm" with {:method=>:get}):
  

Rendering rescues/layout (not_found)
  [4;36;1mSQL (0.1ms)[0m   [0;1mSET NAMES 'utf8'[0m
  [4;35;1mSQL (0.1ms)[0m   [0mSET SQL_AUTO_IS_NULL=0[0m


Processing MainController#index (for 127.0.0.1 at 2010-03-25 20:46:16) [GET]
Rendering template within layouts/application
Rendering main/index
Rendered shared/_header (0.1ms)
Rendered shared/_footer (0.1ms)
Completed in 4ms (View: 2, DB: 0) | 200 OK [http://localhost/main]
  [4;36;1mSQL (0.1ms)[0m   [0;1mSET NAMES 'utf8'[0m
  [4;35;1mSQL (0.1ms)[0m   [0mSET SQL_AUTO_IS_NULL=0[0m


Processing ApplicationController#index (for 127.0.0.1 at 2010-03-25 20:46:16) [GET]

ActionController::RoutingError (No route matches "/stylesheets/Img/b.jpg" with {:method=>:get}):
  

Rendering rescues/layout (not_found)
  [4;36;1mSQL (0.1ms)[0m   [0;1mSET NAMES 'utf8'[0m
  [4;35;1mSQL (0.1ms)[0m   [0mSET SQL_AUTO_IS_NULL=0[0m


Processing MainController#index (for 127.0.0.1 at 2010-03-25 20:47:20) [GET]
Rendering template within layouts/application
Rendering main/index
Rendered shared/_header (0.1ms)
Rendered shared/_footer (0.1ms)
Completed in 4ms (View: 2, DB: 0) | 200 OK [http://localhost/main]
  [4;36;1mSQL (0.1ms)[0m   [0;1mSET NAMES 'utf8'[0m
  [4;35;1mSQL (0.1ms)[0m   [0mSET SQL_AUTO_IS_NULL=0[0m


Processing ApplicationController#index (for 127.0.0.1 at 2010-03-25 20:47:20) [GET]

ActionController::RoutingError (No route matches "/stylesheets/Img/b.jpg" with {:method=>:get}):
  

Rendering rescues/layout (not_found)
  [4;36;1mSQL (0.1ms)[0m   [0;1mSET NAMES 'utf8'[0m
  [4;35;1mSQL (0.1ms)[0m   [0mSET SQL_AUTO_IS_NULL=0[0m


Processing MainController#index (for 127.0.0.1 at 2010-03-25 20:47:36) [GET]
Rendering template within layouts/application
Rendering main/index
Rendered shared/_header (0.1ms)
Rendered shared/_footer (0.2ms)
Completed in 4ms (View: 2, DB: 0) | 200 OK [http://localhost/main]
  [4;36;1mSQL (0.1ms)[0m   [0;1mSET NAMES 'utf8'[0m
  [4;35;1mSQL (0.1ms)[0m   [0mSET SQL_AUTO_IS_NULL=0[0m


Processing ApplicationController#index (for 127.0.0.1 at 2010-03-25 20:47:36) [GET]

ActionController::RoutingError (No route matches "/stylesheets/Img/b.jpg" with {:method=>:get}):
  

Rendering rescues/layout (not_found)
  [4;36;1mSQL (0.1ms)[0m   [0;1mSET NAMES 'utf8'[0m
  [4;35;1mSQL (0.1ms)[0m   [0mSET SQL_AUTO_IS_NULL=0[0m


Processing MainController#index (for 127.0.0.1 at 2010-03-25 20:52:05) [GET]
Rendering template within layouts/application
Rendering main/index
Rendered shared/_header (0.1ms)
Rendered shared/_footer (0.1ms)
Completed in 8ms (View: 6, DB: 0) | 200 OK [http://localhost/main]
  [4;36;1mSQL (0.1ms)[0m   [0;1mSET NAMES 'utf8'[0m
  [4;35;1mSQL (0.1ms)[0m   [0mSET SQL_AUTO_IS_NULL=0[0m


Processing ApplicationController#index (for 127.0.0.1 at 2010-03-25 20:52:05) [GET]

ActionController::RoutingError (No route matches "/stylesheets/Img/b.jpg" with {:method=>:get}):
  

Rendering rescues/layout (not_found)
  [4;36;1mSQL (0.1ms)[0m   [0;1mSET NAMES 'utf8'[0m
  [4;35;1mSQL (0.1ms)[0m   [0mSET SQL_AUTO_IS_NULL=0[0m


Processing MainController#index (for 127.0.0.1 at 2010-03-25 20:53:27) [GET]
Rendering template within layouts/application
Rendering main/index
Rendered shared/_header (0.1ms)
Rendered shared/_footer (0.1ms)
Completed in 8ms (View: 5, DB: 0) | 200 OK [http://localhost/main]
  [4;36;1mSQL (0.1ms)[0m   [0;1mSET NAMES 'utf8'[0m
  [4;35;1mSQL (0.1ms)[0m   [0mSET SQL_AUTO_IS_NULL=0[0m


Processing ApplicationController#index (for 127.0.0.1 at 2010-03-25 20:53:27) [GET]

ActionController::RoutingError (No route matches "/stylesheets/Img/b.jpg" with {:method=>:get}):
  

Rendering rescues/layout (not_found)
  [4;36;1mSQL (0.1ms)[0m   [0;1mSET NAMES 'utf8'[0m
  [4;35;1mSQL (0.1ms)[0m   [0mSET SQL_AUTO_IS_NULL=0[0m


Processing MainController#index (for 127.0.0.1 at 2010-03-25 20:56:21) [GET]
Rendering template within layouts/application
Rendering main/index
Rendered shared/_header (0.1ms)
Rendered shared/_footer (0.1ms)
Completed in 4ms (View: 2, DB: 0) | 200 OK [http://localhost/main]
  [4;36;1mSQL (0.1ms)[0m   [0;1mSET NAMES 'utf8'[0m
  [4;35;1mSQL (0.1ms)[0m   [0mSET SQL_AUTO_IS_NULL=0[0m


Processing MainController#index (for 127.0.0.1 at 2010-03-25 20:59:05) [GET]
Rendering template within layouts/application
Rendering main/index
Rendered shared/_header (0.1ms)
Rendered shared/_footer (0.1ms)
Completed in 4ms (View: 2, DB: 0) | 200 OK [http://localhost/main]
  [4;36;1mSQL (0.1ms)[0m   [0;1mSET NAMES 'utf8'[0m
  [4;35;1mSQL (0.1ms)[0m   [0mSET SQL_AUTO_IS_NULL=0[0m


Processing MainController#index (for 127.0.0.1 at 2010-03-25 20:59:36) [GET]
Rendering template within layouts/application
Rendering main/index
Rendered shared/_header (0.1ms)
Rendered shared/_footer (0.1ms)
Completed in 4ms (View: 2, DB: 0) | 200 OK [http://localhost/main]
  [4;36;1mSQL (0.1ms)[0m   [0;1mSET NAMES 'utf8'[0m
  [4;35;1mSQL (0.1ms)[0m   [0mSET SQL_AUTO_IS_NULL=0[0m


Processing ApplicationController#index (for 127.0.0.1 at 2010-03-25 20:59:36) [GET]

ActionController::RoutingError (No route matches "/images/main1.png" with {:method=>:get}):
  

Rendering rescues/layout (not_found)
  [4;36;1mSQL (0.1ms)[0m   [0;1mSET NAMES 'utf8'[0m
  [4;35;1mSQL (0.1ms)[0m   [0mSET SQL_AUTO_IS_NULL=0[0m


Processing MainController#index (for 127.0.0.1 at 2010-03-25 21:02:45) [GET]
Rendering template within layouts/application
Rendering main/index
Rendered shared/_header (0.1ms)
Rendered shared/_footer (0.1ms)
Completed in 4ms (View: 2, DB: 0) | 200 OK [http://localhost/main]
  [4;36;1mSQL (0.1ms)[0m   [0;1mSET NAMES 'utf8'[0m
  [4;35;1mSQL (0.1ms)[0m   [0mSET SQL_AUTO_IS_NULL=0[0m


Processing ApplicationController#index (for 127.0.0.1 at 2010-03-25 21:02:45) [GET]

ActionController::RoutingError (No route matches "/images/main1.png" with {:method=>:get}):
  

Rendering rescues/layout (not_found)
  [4;36;1mSQL (0.1ms)[0m   [0;1mSET NAMES 'utf8'[0m
  [4;35;1mSQL (0.1ms)[0m   [0mSET SQL_AUTO_IS_NULL=0[0m


Processing MainController#index (for 127.0.0.1 at 2010-03-25 21:03:12) [GET]
Rendering template within layouts/application
Rendering main/index
Rendered shared/_header (0.1ms)
Rendered shared/_footer (0.1ms)
Completed in 4ms (View: 2, DB: 0) | 200 OK [http://localhost/main]
  [4;36;1mSQL (0.1ms)[0m   [0;1mSET NAMES 'utf8'[0m
  [4;35;1mSQL (0.1ms)[0m   [0mSET SQL_AUTO_IS_NULL=0[0m


Processing ApplicationController#index (for 127.0.0.1 at 2010-03-25 21:03:12) [GET]

ActionController::RoutingError (No route matches "/images/main1.png" with {:method=>:get}):
  

Rendering rescues/layout (not_found)
  [4;36;1mSQL (0.1ms)[0m   [0;1mSET NAMES 'utf8'[0m
  [4;35;1mSQL (0.1ms)[0m   [0mSET SQL_AUTO_IS_NULL=0[0m


Processing MainController#index (for 127.0.0.1 at 2010-03-25 21:03:30) [GET]
Rendering template within layouts/application
Rendering main/index
Rendered shared/_header (0.1ms)
Rendered shared/_footer (0.1ms)
Completed in 4ms (View: 2, DB: 0) | 200 OK [http://localhost/main]
  [4;36;1mSQL (0.1ms)[0m   [0;1mSET NAMES 'utf8'[0m
  [4;35;1mSQL (0.1ms)[0m   [0mSET SQL_AUTO_IS_NULL=0[0m


Processing ApplicationController#index (for 127.0.0.1 at 2010-03-25 21:03:30) [GET]

ActionController::RoutingError (No route matches "/images/main1.png" with {:method=>:get}):
  

Rendering rescues/layout (not_found)
  [4;36;1mSQL (0.1ms)[0m   [0;1mSET NAMES 'utf8'[0m
  [4;35;1mSQL (0.1ms)[0m   [0mSET SQL_AUTO_IS_NULL=0[0m


Processing MainController#index (for 127.0.0.1 at 2010-03-25 21:05:06) [GET]
Rendering template within layouts/application
Rendering main/index
Rendered shared/_header (0.1ms)
Rendered shared/_footer (0.1ms)
Completed in 4ms (View: 2, DB: 0) | 200 OK [http://localhost/main]
  [4;36;1mSQL (0.1ms)[0m   [0;1mSET NAMES 'utf8'[0m
  [4;35;1mSQL (0.1ms)[0m   [0mSET SQL_AUTO_IS_NULL=0[0m


Processing ApplicationController#index (for 127.0.0.1 at 2010-03-25 21:05:06) [GET]

ActionController::RoutingError (No route matches "/images/main1.png" with {:method=>:get}):
  

Rendering rescues/layout (not_found)
  [4;36;1mSQL (0.1ms)[0m   [0;1mSET NAMES 'utf8'[0m
  [4;35;1mSQL (0.1ms)[0m   [0mSET SQL_AUTO_IS_NULL=0[0m


Processing MainController#index (for 127.0.0.1 at 2010-03-25 21:05:19) [GET]
Rendering template within layouts/application
Rendering main/index
Rendered shared/_header (0.1ms)
Rendered shared/_footer (0.1ms)
Completed in 4ms (View: 2, DB: 0) | 200 OK [http://localhost/main]
  [4;36;1mSQL (0.1ms)[0m   [0;1mSET NAMES 'utf8'[0m
  [4;35;1mSQL (0.1ms)[0m   [0mSET SQL_AUTO_IS_NULL=0[0m


Processing ApplicationController#index (for 127.0.0.1 at 2010-03-25 21:05:19) [GET]

ActionController::RoutingError (No route matches "/images/main1.png" with {:method=>:get}):
  

Rendering rescues/layout (not_found)
  [4;36;1mSQL (0.1ms)[0m   [0;1mSET NAMES 'utf8'[0m
  [4;35;1mSQL (0.1ms)[0m   [0mSET SQL_AUTO_IS_NULL=0[0m


Processing MainController#index (for 127.0.0.1 at 2010-03-25 21:06:15) [GET]
Rendering template within layouts/application
Rendering main/index
Rendered shared/_header (0.1ms)
Rendered shared/_footer (0.1ms)
Completed in 4ms (View: 2, DB: 0) | 200 OK [http://localhost/main]
  [4;36;1mSQL (0.2ms)[0m   [0;1mSET NAMES 'utf8'[0m
  [4;35;1mSQL (0.1ms)[0m   [0mSET SQL_AUTO_IS_NULL=0[0m


Processing ApplicationController#index (for 127.0.0.1 at 2010-03-25 21:06:15) [GET]

ActionController::RoutingError (No route matches "/images/main1.png" with {:method=>:get}):
  

Rendering rescues/layout (not_found)
  [4;36;1mSQL (0.1ms)[0m   [0;1mSET NAMES 'utf8'[0m
  [4;35;1mSQL (0.1ms)[0m   [0mSET SQL_AUTO_IS_NULL=0[0m


Processing MainController#index (for 127.0.0.1 at 2010-03-25 21:07:08) [GET]
Rendering template within layouts/application
Rendering main/index
Rendered shared/_header (0.1ms)
Rendered shared/_footer (0.1ms)
Completed in 4ms (View: 2, DB: 0) | 200 OK [http://localhost/main]
  [4;36;1mSQL (0.1ms)[0m   [0;1mSET NAMES 'utf8'[0m
  [4;35;1mSQL (0.1ms)[0m   [0mSET SQL_AUTO_IS_NULL=0[0m


Processing ApplicationController#index (for 127.0.0.1 at 2010-03-25 21:07:08) [GET]

ActionController::RoutingError (No route matches "/images/main1.png" with {:method=>:get}):
  

Rendering rescues/layout (not_found)
  [4;36;1mSQL (0.1ms)[0m   [0;1mSET NAMES 'utf8'[0m
  [4;35;1mSQL (0.1ms)[0m   [0mSET SQL_AUTO_IS_NULL=0[0m


Processing MainController#index (for 127.0.0.1 at 2010-03-25 21:07:35) [GET]
Rendering template within layouts/application
Rendering main/index
Rendered shared/_header (0.1ms)
Rendered shared/_footer (0.1ms)
Completed in 4ms (View: 2, DB: 0) | 200 OK [http://localhost/main]
  [4;36;1mSQL (0.1ms)[0m   [0;1mSET NAMES 'utf8'[0m
  [4;35;1mSQL (0.1ms)[0m   [0mSET SQL_AUTO_IS_NULL=0[0m


Processing ApplicationController#index (for 127.0.0.1 at 2010-03-25 21:07:35) [GET]

ActionController::RoutingError (No route matches "/images/main1.png" with {:method=>:get}):
  

Rendering rescues/layout (not_found)
  [4;36;1mSQL (0.1ms)[0m   [0;1mSET NAMES 'utf8'[0m
  [4;35;1mSQL (0.1ms)[0m   [0mSET SQL_AUTO_IS_NULL=0[0m


Processing MainController#index (for 127.0.0.1 at 2010-03-25 21:07:40) [GET]
Rendering template within layouts/application
Rendering main/index
Rendered shared/_header (0.1ms)
Rendered shared/_footer (0.1ms)
Completed in 4ms (View: 2, DB: 0) | 200 OK [http://localhost/main]
  [4;36;1mSQL (0.1ms)[0m   [0;1mSET NAMES 'utf8'[0m
  [4;35;1mSQL (0.1ms)[0m   [0mSET SQL_AUTO_IS_NULL=0[0m


Processing ApplicationController#index (for 127.0.0.1 at 2010-03-25 21:07:40) [GET]

ActionController::RoutingError (No route matches "/images/main1.png" with {:method=>:get}):
  

Rendering rescues/layout (not_found)
  [4;36;1mSQL (0.2ms)[0m   [0;1mSET NAMES 'utf8'[0m
  [4;35;1mSQL (0.1ms)[0m   [0mSET SQL_AUTO_IS_NULL=0[0m


Processing MainController#index (for 127.0.0.1 at 2010-03-25 21:08:33) [GET]
Rendering template within layouts/application
Rendering main/index
Rendered shared/_header (0.1ms)
Rendered shared/_footer (0.1ms)
Completed in 4ms (View: 2, DB: 0) | 200 OK [http://localhost/main]
  [4;36;1mSQL (0.1ms)[0m   [0;1mSET NAMES 'utf8'[0m
  [4;35;1mSQL (0.1ms)[0m   [0mSET SQL_AUTO_IS_NULL=0[0m


Processing ApplicationController#index (for 127.0.0.1 at 2010-03-25 21:08:33) [GET]

ActionController::RoutingError (No route matches "/images/main1.png" with {:method=>:get}):
  

Rendering rescues/layout (not_found)
  [4;36;1mSQL (0.1ms)[0m   [0;1mSET NAMES 'utf8'[0m
  [4;35;1mSQL (0.1ms)[0m   [0mSET SQL_AUTO_IS_NULL=0[0m


Processing MainController#index (for 127.0.0.1 at 2010-03-25 21:09:51) [GET]
Rendering template within layouts/application
Rendering main/index
Rendered shared/_header (0.1ms)
Rendered shared/_footer (0.1ms)
Completed in 4ms (View: 2, DB: 0) | 200 OK [http://localhost/main]
  [4;36;1mSQL (0.1ms)[0m   [0;1mSET NAMES 'utf8'[0m
  [4;35;1mSQL (0.1ms)[0m   [0mSET SQL_AUTO_IS_NULL=0[0m


Processing ApplicationController#index (for 127.0.0.1 at 2010-03-25 21:09:51) [GET]

ActionController::RoutingError (No route matches "/images/main1.png" with {:method=>:get}):
  

Rendering rescues/layout (not_found)
  [4;36;1mSQL (0.1ms)[0m   [0;1mSET NAMES 'utf8'[0m
  [4;35;1mSQL (0.1ms)[0m   [0mSET SQL_AUTO_IS_NULL=0[0m


Processing MainController#index (for 127.0.0.1 at 2010-03-25 21:12:30) [GET]
Rendering template within layouts/application
Rendering main/index
Rendered shared/_header (0.1ms)
Rendered shared/_footer (0.1ms)
Completed in 4ms (View: 2, DB: 0) | 200 OK [http://localhost/main]
  [4;36;1mSQL (0.1ms)[0m   [0;1mSET NAMES 'utf8'[0m
  [4;35;1mSQL (0.1ms)[0m   [0mSET SQL_AUTO_IS_NULL=0[0m


Processing ApplicationController#index (for 127.0.0.1 at 2010-03-25 21:12:30) [GET]

ActionController::RoutingError (No route matches "/images/main1.png" with {:method=>:get}):
  

Rendering rescues/layout (not_found)
  [4;36;1mSQL (0.2ms)[0m   [0;1mSET NAMES 'utf8'[0m
  [4;35;1mSQL (0.1ms)[0m   [0mSET SQL_AUTO_IS_NULL=0[0m


Processing MainController#index (for 127.0.0.1 at 2010-03-25 21:15:23) [GET]
Rendering template within layouts/application
Rendering main/index
Rendered shared/_header (0.1ms)
Rendered shared/_footer (0.1ms)
Completed in 5ms (View: 2, DB: 0) | 200 OK [http://localhost/main]
  [4;36;1mSQL (0.1ms)[0m   [0;1mSET NAMES 'utf8'[0m
  [4;35;1mSQL (0.1ms)[0m   [0mSET SQL_AUTO_IS_NULL=0[0m


Processing ApplicationController#index (for 127.0.0.1 at 2010-03-25 21:15:23) [GET]

ActionController::RoutingError (No route matches "/images/main1.png" with {:method=>:get}):
  

Rendering rescues/layout (not_found)
  [4;36;1mSQL (0.1ms)[0m   [0;1mSET NAMES 'utf8'[0m
  [4;35;1mSQL (0.1ms)[0m   [0mSET SQL_AUTO_IS_NULL=0[0m


Processing MainController#index (for 127.0.0.1 at 2010-03-25 21:15:24) [GET]
Rendering template within layouts/application
Rendering main/index
Rendered shared/_header (0.1ms)
Rendered shared/_footer (0.1ms)
Completed in 4ms (View: 2, DB: 0) | 200 OK [http://localhost/main]
  [4;36;1mSQL (0.1ms)[0m   [0;1mSET NAMES 'utf8'[0m
  [4;35;1mSQL (0.1ms)[0m   [0mSET SQL_AUTO_IS_NULL=0[0m


Processing ApplicationController#index (for 127.0.0.1 at 2010-03-25 21:15:24) [GET]

ActionController::RoutingError (No route matches "/images/main1.png" with {:method=>:get}):
  

Rendering rescues/layout (not_found)
  [4;36;1mSQL (0.1ms)[0m   [0;1mSET NAMES 'utf8'[0m
  [4;35;1mSQL (0.1ms)[0m   [0mSET SQL_AUTO_IS_NULL=0[0m


Processing MainController#index (for 127.0.0.1 at 2010-03-25 21:15:45) [GET]
Rendering template within layouts/application
Rendering main/index
Rendered shared/_header (0.1ms)
Rendered shared/_footer (0.1ms)
Completed in 4ms (View: 2, DB: 0) | 200 OK [http://localhost/main]
  [4;36;1mSQL (0.1ms)[0m   [0;1mSET NAMES 'utf8'[0m
  [4;35;1mSQL (0.1ms)[0m   [0mSET SQL_AUTO_IS_NULL=0[0m


Processing ApplicationController#index (for 127.0.0.1 at 2010-03-25 21:15:45) [GET]

ActionController::RoutingError (No route matches "/images/main1.png" with {:method=>:get}):
  

Rendering rescues/layout (not_found)
  [4;36;1mSQL (0.1ms)[0m   [0;1mSET NAMES 'utf8'[0m
  [4;35;1mSQL (0.1ms)[0m   [0mSET SQL_AUTO_IS_NULL=0[0m


Processing MainController#index (for 127.0.0.1 at 2010-03-25 21:18:36) [GET]
Rendering template within layouts/application
Rendering main/index
Rendered shared/_header (0.1ms)
Rendered shared/_footer (0.1ms)
Completed in 4ms (View: 2, DB: 0) | 200 OK [http://localhost/main]
  [4;36;1mSQL (0.1ms)[0m   [0;1mSET NAMES 'utf8'[0m
  [4;35;1mSQL (0.1ms)[0m   [0mSET SQL_AUTO_IS_NULL=0[0m


Processing ApplicationController#index (for 127.0.0.1 at 2010-03-25 21:18:36) [GET]

ActionController::RoutingError (No route matches "/images/main1.png" with {:method=>:get}):
  

Rendering rescues/layout (not_found)
  [4;36;1mSQL (0.1ms)[0m   [0;1mSET NAMES 'utf8'[0m
  [4;35;1mSQL (0.1ms)[0m   [0mSET SQL_AUTO_IS_NULL=0[0m


Processing MainController#index (for 127.0.0.1 at 2010-03-25 21:18:58) [GET]
Rendering template within layouts/application
Rendering main/index
Rendered shared/_header (0.1ms)
Rendered shared/_footer (0.1ms)
Completed in 4ms (View: 2, DB: 0) | 200 OK [http://localhost/main]
  [4;36;1mSQL (0.1ms)[0m   [0;1mSET NAMES 'utf8'[0m
  [4;35;1mSQL (0.1ms)[0m   [0mSET SQL_AUTO_IS_NULL=0[0m


Processing ApplicationController#index (for 127.0.0.1 at 2010-03-25 21:18:58) [GET]

ActionController::RoutingError (No route matches "/images/main1.png" with {:method=>:get}):
  

Rendering rescues/layout (not_found)
  [4;36;1mSQL (0.1ms)[0m   [0;1mSET NAMES 'utf8'[0m
  [4;35;1mSQL (0.1ms)[0m   [0mSET SQL_AUTO_IS_NULL=0[0m


Processing ApplicationController#index (for 127.0.0.1 at 2010-03-25 22:22:14) [GET]

ActionController::RoutingError (No route matches "/man" with {:method=>:get}):
  

Rendering rescues/layout (not_found)
  [4;36;1mSQL (0.1ms)[0m   [0;1mSET NAMES 'utf8'[0m
  [4;35;1mSQL (0.1ms)[0m   [0mSET SQL_AUTO_IS_NULL=0[0m


Processing MainController#index (for 127.0.0.1 at 2010-03-25 22:22:19) [GET]
Rendering template within layouts/application
Rendering main/index
Rendered shared/_header (1.2ms)
Rendered shared/_footer (0.8ms)
Completed in 116ms (View: 112, DB: 0) | 200 OK [http://localhost/main]
  [4;36;1mSQL (0.1ms)[0m   [0;1mSET NAMES 'utf8'[0m
  [4;35;1mSQL (0.1ms)[0m   [0mSET SQL_AUTO_IS_NULL=0[0m


Processing ApplicationController#index (for 127.0.0.1 at 2010-03-25 22:22:19) [GET]

ActionController::RoutingError (No route matches "/images/main1.png" with {:method=>:get}):
  

Rendering rescues/layout (not_found)
  [4;36;1mSQL (0.2ms)[0m   [0;1mSET NAMES 'utf8'[0m
  [4;35;1mSQL (0.2ms)[0m   [0mSET SQL_AUTO_IS_NULL=0[0m


Processing MainController#index (for 127.0.0.1 at 2010-03-25 22:34:12) [GET]
Rendering template within layouts/application
Rendering main/index
Rendered shared/_header (0.8ms)
Rendered shared/_footer (0.5ms)
Completed in 20ms (View: 18, DB: 0) | 200 OK [http://localhost/main]
  [4;36;1mSQL (0.1ms)[0m   [0;1mSET NAMES 'utf8'[0m
  [4;35;1mSQL (0.1ms)[0m   [0mSET SQL_AUTO_IS_NULL=0[0m


Processing ApplicationController#index (for 127.0.0.1 at 2010-03-25 22:34:12) [GET]

ActionController::RoutingError (No route matches "/images/main1.png" with {:method=>:get}):
  

Rendering rescues/layout (not_found)
  [4;36;1mSQL (0.1ms)[0m   [0;1mSET NAMES 'utf8'[0m
  [4;35;1mSQL (0.1ms)[0m   [0mSET SQL_AUTO_IS_NULL=0[0m


Processing MainController#index (for 127.0.0.1 at 2010-03-25 22:38:26) [GET]
Rendering template within layouts/application
Rendering main/index
Rendered shared/_header (0.1ms)
Rendered shared/_footer (0.1ms)
Completed in 6ms (View: 3, DB: 0) | 200 OK [http://localhost/main]
  [4;36;1mSQL (0.2ms)[0m   [0;1mSET NAMES 'utf8'[0m
  [4;35;1mSQL (0.1ms)[0m   [0mSET SQL_AUTO_IS_NULL=0[0m


Processing ApplicationController#index (for 127.0.0.1 at 2010-03-25 22:38:26) [GET]

ActionController::RoutingError (No route matches "/images/main1.png" with {:method=>:get}):
  

Rendering rescues/layout (not_found)
  [4;36;1mSQL (0.2ms)[0m   [0;1mSET NAMES 'utf8'[0m
  [4;35;1mSQL (0.2ms)[0m   [0mSET SQL_AUTO_IS_NULL=0[0m


Processing MainController#index (for 127.0.0.1 at 2010-03-27 09:53:25) [GET]
Rendering template within layouts/application
Rendering main/index
Rendered shared/_header (1.4ms)
Rendered shared/_footer (1.1ms)
Completed in 85ms (View: 82, DB: 0) | 200 OK [http://localhost/main]
  [4;36;1mSQL (0.1ms)[0m   [0;1mSET NAMES 'utf8'[0m
  [4;35;1mSQL (0.1ms)[0m   [0mSET SQL_AUTO_IS_NULL=0[0m


Processing ApplicationController#index (for 127.0.0.1 at 2010-03-27 09:53:25) [GET]

ActionController::RoutingError (No route matches "/images/main1.png" with {:method=>:get}):
  

Rendering rescues/layout (not_found)
  [4;36;1mSQL (0.1ms)[0m   [0;1mSET NAMES 'utf8'[0m
  [4;35;1mSQL (0.1ms)[0m   [0mSET SQL_AUTO_IS_NULL=0[0m


Processing MainController#index (for 127.0.0.1 at 2010-03-27 09:53:28) [GET]
Rendering template within layouts/application
Rendering main/index
Rendered shared/_header (0.1ms)
Rendered shared/_footer (0.1ms)
Completed in 6ms (View: 3, DB: 0) | 200 OK [http://localhost/main]
  [4;36;1mSQL (1.8ms)[0m   [0;1mSET NAMES 'utf8'[0m
  [4;35;1mSQL (0.1ms)[0m   [0mSET SQL_AUTO_IS_NULL=0[0m


Processing ApplicationController#index (for 127.0.0.1 at 2010-03-27 09:53:29) [GET]

ActionController::RoutingError (No route matches "/images/main1.png" with {:method=>:get}):
  

Rendering rescues/layout (not_found)
  [4;36;1mSQL (0.1ms)[0m   [0;1mSET NAMES 'utf8'[0m
  [4;35;1mSQL (0.1ms)[0m   [0mSET SQL_AUTO_IS_NULL=0[0m


Processing MainController#index (for 127.0.0.1 at 2010-03-27 09:58:57) [GET]
Rendering template within layouts/application
Rendering main/index
Rendered shared/_header (1.1ms)
Rendered shared/_footer (0.8ms)
Completed in 31ms (View: 27, DB: 0) | 200 OK [http://localhost/]
  [4;36;1mSQL (0.1ms)[0m   [0;1mSET NAMES 'utf8'[0m
  [4;35;1mSQL (0.1ms)[0m   [0mSET SQL_AUTO_IS_NULL=0[0m


Processing ApplicationController#index (for 127.0.0.1 at 2010-03-27 09:58:57) [GET]

ActionController::RoutingError (No route matches "/images/main1.png" with {:method=>:get}):
  

Rendering rescues/layout (not_found)
  [4;36;1mSQL (0.1ms)[0m   [0;1mSET NAMES 'utf8'[0m
  [4;35;1mSQL (0.1ms)[0m   [0mSET SQL_AUTO_IS_NULL=0[0m


Processing MainController#index (for 127.0.0.1 at 2010-03-27 10:43:43) [GET]
Rendering template within layouts/application
Rendering main/index
Rendered shared/_header (0.1ms)
Rendered shared/_footer (0.1ms)
Completed in 16ms (View: 12, DB: 0) | 200 OK [http://localhost/]
  [4;36;1mSQL (0.1ms)[0m   [0;1mSET NAMES 'utf8'[0m
  [4;35;1mSQL (1.6ms)[0m   [0mSET SQL_AUTO_IS_NULL=0[0m


Processing ApplicationController#index (for 127.0.0.1 at 2010-03-27 10:43:43) [GET]

ActionController::RoutingError (No route matches "/images/main1.png" with {:method=>:get}):
  

Rendering rescues/layout (not_found)
  [4;36;1mSQL (0.1ms)[0m   [0;1mSET NAMES 'utf8'[0m
  [4;35;1mSQL (0.1ms)[0m   [0mSET SQL_AUTO_IS_NULL=0[0m


Processing MainController#index (for 127.0.0.1 at 2010-03-27 10:45:21) [GET]
Rendering template within layouts/application
Rendering main/index
Rendered shared/_header (0.2ms)
Rendered shared/_footer (0.1ms)
Completed in 9ms (View: 5, DB: 0) | 200 OK [http://localhost/]
  [4;36;1mSQL (0.1ms)[0m   [0;1mSET NAMES 'utf8'[0m
  [4;35;1mSQL (0.1ms)[0m   [0mSET SQL_AUTO_IS_NULL=0[0m


Processing ApplicationController#index (for 127.0.0.1 at 2010-03-27 10:45:22) [GET]

ActionController::RoutingError (No route matches "/images/main1.png" with {:method=>:get}):
  

Rendering rescues/layout (not_found)
  [4;36;1mSQL (0.1ms)[0m   [0;1mSET NAMES 'utf8'[0m
  [4;35;1mSQL (0.1ms)[0m   [0mSET SQL_AUTO_IS_NULL=0[0m


Processing MainController#index (for 127.0.0.1 at 2010-03-27 10:45:38) [GET]
Rendering template within layouts/application
Rendering main/index
Rendered shared/_header (0.1ms)
Rendered shared/_footer (0.1ms)
Completed in 9ms (View: 5, DB: 0) | 200 OK [http://localhost/]
  [4;36;1mSQL (0.1ms)[0m   [0;1mSET NAMES 'utf8'[0m
  [4;35;1mSQL (0.1ms)[0m   [0mSET SQL_AUTO_IS_NULL=0[0m


Processing ApplicationController#index (for 127.0.0.1 at 2010-03-27 10:45:38) [GET]

ActionController::RoutingError (No route matches "/images/main1.png" with {:method=>:get}):
  

Rendering rescues/layout (not_found)
  [4;36;1mSQL (0.1ms)[0m   [0;1mSET NAMES 'utf8'[0m
  [4;35;1mSQL (0.1ms)[0m   [0mSET SQL_AUTO_IS_NULL=0[0m


Processing MainController#index (for 127.0.0.1 at 2010-03-27 10:45:59) [GET]
Rendering template within layouts/application
Rendering main/index
Rendered shared/_header (0.1ms)
Rendered shared/_footer (0.1ms)
Completed in 8ms (View: 5, DB: 0) | 200 OK [http://localhost/]
  [4;36;1mSQL (0.1ms)[0m   [0;1mSET NAMES 'utf8'[0m
  [4;35;1mSQL (0.1ms)[0m   [0mSET SQL_AUTO_IS_NULL=0[0m


Processing ApplicationController#index (for 127.0.0.1 at 2010-03-27 10:45:59) [GET]

ActionController::RoutingError (No route matches "/images/main1.png" with {:method=>:get}):
  

Rendering rescues/layout (not_found)
  [4;36;1mSQL (0.1ms)[0m   [0;1mSET NAMES 'utf8'[0m
  [4;35;1mSQL (0.1ms)[0m   [0mSET SQL_AUTO_IS_NULL=0[0m


Processing ApplicationController#index (for 127.0.0.1 at 2010-03-27 10:46:30) [POST]
  Parameters: {"commit"=>"Send", "authenticity_token"=>"rui/2cKTtyBG28ZEWhg6z/Lj6r3Jo4BHJn94Ce+0Irw=", "email"=>{"name"=>"sap", "subject"=>"sap", "message"=>"sap", "email"=>"sap@gmail.com"}}

ActionController::RoutingError (No route matches "/emailer/send_mail" with {:method=>:post}):
  

Rendering rescues/layout (not_found)
  [4;36;1mSQL (0.1ms)[0m   [0;1mSET NAMES 'utf8'[0m
  [4;35;1mSQL (0.1ms)[0m   [0mSET SQL_AUTO_IS_NULL=0[0m


Processing ApplicationController#index (for 127.0.0.1 at 2010-03-27 10:48:15) [POST]
  Parameters: {"commit"=>"Send", "authenticity_token"=>"rui/2cKTtyBG28ZEWhg6z/Lj6r3Jo4BHJn94Ce+0Irw=", "email"=>{"name"=>"sap", "subject"=>"sap", "message"=>"sap", "email"=>"sap@gmail.com"}}

ActionController::RoutingError (No route matches "/emailer/send_mail" with {:method=>:post}):
  

Rendering rescues/layout (not_found)
  [4;36;1mSQL (0.1ms)[0m   [0;1mSET NAMES 'utf8'[0m
  [4;35;1mSQL (0.1ms)[0m   [0mSET SQL_AUTO_IS_NULL=0[0m


Processing EmailerController#send_mail (for 127.0.0.1 at 2010-03-27 10:48:36) [POST]
  Parameters: {"commit"=>"Send", "authenticity_token"=>"rui/2cKTtyBG28ZEWhg6z/Lj6r3Jo4BHJn94Ce+0Irw=", "email"=>{"name"=>"sap", "subject"=>"sap", "message"=>"sap", "email"=>"sap@gmail.com"}}

ActionView::MissingTemplate (Missing template emailer/contact.erb in view path app/views):
  app/controllers/emailer_controller.rb:8:in `send_mail'

Rendering rescues/layout (internal_server_error)
  [4;36;1mSQL (0.2ms)[0m   [0;1mSET NAMES 'utf8'[0m
  [4;35;1mSQL (0.1ms)[0m   [0mSET SQL_AUTO_IS_NULL=0[0m


Processing EmailerController#send_mail (for 127.0.0.1 at 2010-03-27 10:49:17) [POST]
  Parameters: {"commit"=>"Send", "authenticity_token"=>"rui/2cKTtyBG28ZEWhg6z/Lj6r3Jo4BHJn94Ce+0Irw=", "email"=>{"name"=>"sap", "subject"=>"sap", "message"=>"sap", "email"=>"sap@gmail.com"}}
Sent mail to sapthakiri@sagework.com

Date: Sat, 27 Mar 2010 10:49:17 +0530
From: sap@gmail.com
To: sapthakiri@sagework.com
Mime-Version: 1.0
Content-Type: text/plain; charset=utf-8

test

ArgumentError (wrong number of arguments (3 for 2)):
  /usr/lib/ruby/gems/1.8/gems/openrain-action_mailer_tls-1.1.3/lib/smtp_tls.rb:8:in `check_auth_args'
  /usr/lib/ruby/gems/1.8/gems/openrain-action_mailer_tls-1.1.3/lib/smtp_tls.rb:8:in `do_start'
  /usr/lib/ruby/1.8/net/smtp.rb:525:in `start'
  app/controllers/emailer_controller.rb:8:in `send_mail'

Rendered rescues/_trace (51.1ms)
Rendered rescues/_request_and_response (1.6ms)
Rendering rescues/layout (internal_server_error)
  [4;36;1mSQL (0.2ms)[0m   [0;1mSET NAMES 'utf8'[0m
  [4;35;1mSQL (0.1ms)[0m   [0mSET SQL_AUTO_IS_NULL=0[0m


Processing MainController#index (for 127.0.0.1 at 2010-03-27 10:50:50) [GET]
Rendering template within layouts/application
Rendering main/index
Rendered shared/_header (0.8ms)
Rendered shared/_footer (0.7ms)
Completed in 23ms (View: 21, DB: 0) | 200 OK [http://localhost/]
  [4;36;1mSQL (0.1ms)[0m   [0;1mSET NAMES 'utf8'[0m
  [4;35;1mSQL (0.1ms)[0m   [0mSET SQL_AUTO_IS_NULL=0[0m


Processing ApplicationController#index (for 127.0.0.1 at 2010-03-27 10:50:50) [GET]

ActionController::RoutingError (No route matches "/images/main1.png" with {:method=>:get}):
  

Rendering rescues/layout (not_found)
  [4;36;1mSQL (0.1ms)[0m   [0;1mSET NAMES 'utf8'[0m
  [4;35;1mSQL (0.1ms)[0m   [0mSET SQL_AUTO_IS_NULL=0[0m


Processing EmailerController#send_mail (for 127.0.0.1 at 2010-03-27 10:51:05) [POST]
  Parameters: {"commit"=>"Send", "authenticity_token"=>"rui/2cKTtyBG28ZEWhg6z/Lj6r3Jo4BHJn94Ce+0Irw=", "email"=>{"name"=>"sap", "subject"=>"sap", "message"=>"sa", "email"=>"sap@gmail.com"}}
Sent mail to sapthakiri@sagework.com

Date: Sat, 27 Mar 2010 10:51:05 +0530
From: sap@gmail.com
To: sapthakiri@sagework.com
Mime-Version: 1.0
Content-Type: text/plain; charset=utf-8

test

ArgumentError (wrong number of arguments (3 for 2)):
  /usr/lib/ruby/gems/1.8/gems/openrain-action_mailer_tls-1.1.3/lib/smtp_tls.rb:8:in `check_auth_args'
  /usr/lib/ruby/gems/1.8/gems/openrain-action_mailer_tls-1.1.3/lib/smtp_tls.rb:8:in `do_start'
  /usr/lib/ruby/1.8/net/smtp.rb:525:in `start'
  app/controllers/emailer_controller.rb:8:in `send_mail'

Rendered rescues/_trace (46.7ms)
Rendered rescues/_request_and_response (1.8ms)
Rendering rescues/layout (internal_server_error)
  [4;36;1mSQL (0.1ms)[0m   [0;1mSET NAMES 'utf8'[0m
  [4;35;1mSQL (0.1ms)[0m   [0mSET SQL_AUTO_IS_NULL=0[0m


Processing EmailerController#send_mail (for 127.0.0.1 at 2010-03-27 10:51:56) [POST]
  Parameters: {"commit"=>"Send", "authenticity_token"=>"rui/2cKTtyBG28ZEWhg6z/Lj6r3Jo4BHJn94Ce+0Irw=", "email"=>{"name"=>"sap", "subject"=>"sap", "message"=>"sa", "email"=>"sap@gmail.com"}}
Sent mail to sapthakiri@sagework.com

Date: Sat, 27 Mar 2010 10:51:56 +0530
From: sapthagirihere@gmail.com
To: sapthakiri@sagework.com
Mime-Version: 1.0
Content-Type: text/plain; charset=utf-8

test

ArgumentError (wrong number of arguments (3 for 2)):
  /usr/lib/ruby/gems/1.8/gems/openrain-action_mailer_tls-1.1.3/lib/smtp_tls.rb:8:in `check_auth_args'
  /usr/lib/ruby/gems/1.8/gems/openrain-action_mailer_tls-1.1.3/lib/smtp_tls.rb:8:in `do_start'
  /usr/lib/ruby/1.8/net/smtp.rb:525:in `start'
  app/controllers/emailer_controller.rb:8:in `send_mail'

Rendered rescues/_trace (124.0ms)
Rendered rescues/_request_and_response (0.5ms)
Rendering rescues/layout (internal_server_error)
  [4;36;1mSQL (0.1ms)[0m   [0;1mSET NAMES 'utf8'[0m
  [4;35;1mSQL (0.1ms)[0m   [0mSET SQL_AUTO_IS_NULL=0[0m


Processing EmailerController#send_mail (for 127.0.0.1 at 2010-03-27 10:54:28) [POST]
  Parameters: {"commit"=>"Send", "authenticity_token"=>"rui/2cKTtyBG28ZEWhg6z/Lj6r3Jo4BHJn94Ce+0Irw=", "email"=>{"name"=>"sap", "subject"=>"sap", "message"=>"sa", "email"=>"sap@gmail.com"}}

NoMethodError (undefined method `contact' for #<Emailer:0xb771787c>):
  app/controllers/emailer_controller.rb:8:in `send_mail'

Rendered rescues/_trace (64.8ms)
Rendered rescues/_request_and_response (0.4ms)
Rendering rescues/layout (internal_server_error)
  [4;36;1mSQL (0.1ms)[0m   [0;1mSET NAMES 'utf8'[0m
  [4;35;1mSQL (0.1ms)[0m   [0mSET SQL_AUTO_IS_NULL=0[0m


Processing EmailerController#send_mail (for 127.0.0.1 at 2010-03-27 10:55:11) [POST]
  Parameters: {"commit"=>"Send", "authenticity_token"=>"rui/2cKTtyBG28ZEWhg6z/Lj6r3Jo4BHJn94Ce+0Irw=", "email"=>{"name"=>"sap", "subject"=>"sap", "message"=>"sa", "email"=>"sap@gmail.com"}}
Sent mail to sapthakiri@sagework.com

Date: Sat, 27 Mar 2010 10:55:11 +0530
From: sapthagirihere@gmail.com
To: sapthakiri@sagework.com
Mime-Version: 1.0
Content-Type: text/plain; charset=utf-8

test

ArgumentError (wrong number of arguments (3 for 2)):
  /usr/lib/ruby/gems/1.8/gems/openrain-action_mailer_tls-1.1.3/lib/smtp_tls.rb:8:in `check_auth_args'
  /usr/lib/ruby/gems/1.8/gems/openrain-action_mailer_tls-1.1.3/lib/smtp_tls.rb:8:in `do_start'
  /usr/lib/ruby/1.8/net/smtp.rb:525:in `start'
  app/controllers/emailer_controller.rb:8:in `send_mail'

Rendered rescues/_trace (115.9ms)
Rendered rescues/_request_and_response (0.5ms)
Rendering rescues/layout (internal_server_error)
  [4;36;1mSQL (0.1ms)[0m   [0;1mSET NAMES 'utf8'[0m
  [4;35;1mSQL (0.1ms)[0m   [0mSET SQL_AUTO_IS_NULL=0[0m


Processing EmailerController#send_mail (for 127.0.0.1 at 2010-03-27 10:57:01) [POST]
  Parameters: {"commit"=>"Send", "authenticity_token"=>"rui/2cKTtyBG28ZEWhg6z/Lj6r3Jo4BHJn94Ce+0Irw=", "email"=>{"name"=>"sap", "subject"=>"sap", "message"=>"sa", "email"=>"sap@gmail.com"}}
Sent mail to sapthakiri@sagework.com

Date: Sat, 27 Mar 2010 10:57:01 +0530
From: sapthagirihere@gmail.com
To: sapthakiri@sagework.com
Subject: test
Mime-Version: 1.0
Content-Type: text/plain; charset=utf-8

test

ArgumentError (wrong number of arguments (3 for 2)):
  /usr/lib/ruby/gems/1.8/gems/openrain-action_mailer_tls-1.1.3/lib/smtp_tls.rb:8:in `check_auth_args'
  /usr/lib/ruby/gems/1.8/gems/openrain-action_mailer_tls-1.1.3/lib/smtp_tls.rb:8:in `do_start'
  /usr/lib/ruby/1.8/net/smtp.rb:525:in `start'
  app/controllers/emailer_controller.rb:8:in `send_mail'

Rendered rescues/_trace (47.5ms)
Rendered rescues/_request_and_response (1.7ms)
Rendering rescues/layout (internal_server_error)
  [4;36;1mSQL (0.1ms)[0m   [0;1mSET NAMES 'utf8'[0m
  [4;35;1mSQL (0.1ms)[0m   [0mSET SQL_AUTO_IS_NULL=0[0m


Processing EmailerController#send_mail (for 127.0.0.1 at 2010-03-27 11:01:49) [POST]
  Parameters: {"commit"=>"Send", "authenticity_token"=>"rui/2cKTtyBG28ZEWhg6z/Lj6r3Jo4BHJn94Ce+0Irw=", "email"=>{"name"=>"sap", "subject"=>"sap", "message"=>"sa", "email"=>"sap@gmail.com"}}
Sent mail to sapthakiri@sagework.com

Date: Sat, 27 Mar 2010 11:01:49 +0530
From: sapthagirihere@gmail.com
To: sapthakiri@sagework.com
Subject: test
Mime-Version: 1.0
Content-Type: text/plain; charset=utf-8

test

ArgumentError (wrong number of arguments (3 for 2)):
  /usr/lib/ruby/gems/1.8/gems/openrain-action_mailer_tls-1.1.3/lib/smtp_tls.rb:8:in `check_auth_args'
  /usr/lib/ruby/gems/1.8/gems/openrain-action_mailer_tls-1.1.3/lib/smtp_tls.rb:8:in `do_start'
  /usr/lib/ruby/1.8/net/smtp.rb:525:in `start'
  app/controllers/emailer_controller.rb:8:in `send_mail'

Rendered rescues/_trace (62.1ms)
Rendered rescues/_request_and_response (0.4ms)
Rendering rescues/layout (internal_server_error)
  [4;36;1mSQL (0.1ms)[0m   [0;1mSET NAMES 'utf8'[0m
  [4;35;1mSQL (0.1ms)[0m   [0mSET SQL_AUTO_IS_NULL=0[0m


Processing EmailerController#send_mail (for 127.0.0.1 at 2010-03-27 11:11:56) [POST]
  Parameters: {"commit"=>"Send", "authenticity_token"=>"rui/2cKTtyBG28ZEWhg6z/Lj6r3Jo4BHJn94Ce+0Irw=", "email"=>{"name"=>"sap", "subject"=>"sap", "message"=>"sa", "email"=>"sap@gmail.com"}}
Sent mail to sapthakiri@sagework.com

Date: Sat, 27 Mar 2010 11:11:56 +0530
From: sapthagirihere@gmail.com
To: sapthakiri@sagework.com
Subject: test
Mime-Version: 1.0
Content-Type: text/plain; charset=utf-8

test
Redirected to http://localhost:3000/
Completed in 5773ms (DB: 0) | 302 Found [http://localhost/emailer/send_mail]
  [4;36;1mSQL (0.2ms)[0m   [0;1mSET NAMES 'utf8'[0m
  [4;35;1mSQL (0.1ms)[0m   [0mSET SQL_AUTO_IS_NULL=0[0m


Processing MainController#index (for 127.0.0.1 at 2010-03-27 11:12:02) [GET]
Rendering template within layouts/application
Rendering main/index
Rendered shared/_header (1.1ms)
Rendered shared/_footer (0.8ms)
Completed in 37ms (View: 33, DB: 0) | 200 OK [http://localhost/]
  [4;36;1mSQL (0.1ms)[0m   [0;1mSET NAMES 'utf8'[0m
  [4;35;1mSQL (0.3ms)[0m   [0mSET SQL_AUTO_IS_NULL=0[0m


Processing ApplicationController#index (for 127.0.0.1 at 2010-03-27 11:12:02) [GET]

ActionController::RoutingError (No route matches "/images/main1.png" with {:method=>:get}):
  

Rendering rescues/layout (not_found)
  [4;36;1mSQL (0.1ms)[0m   [0;1mSET NAMES 'utf8'[0m
  [4;35;1mSQL (0.1ms)[0m   [0mSET SQL_AUTO_IS_NULL=0[0m


Processing EmailerController#send_mail (for 127.0.0.1 at 2010-03-27 11:13:14) [POST]
  Parameters: {"commit"=>"Send", "authenticity_token"=>"rui/2cKTtyBG28ZEWhg6z/Lj6r3Jo4BHJn94Ce+0Irw=", "email"=>{"name"=>"sap", "subject"=>"sap", "message"=>"sa", "email"=>"sap@gmail.com"}}
Sent mail to sapthagiri269@gmail.com

Date: Sat, 27 Mar 2010 11:13:14 +0530
From: sapthagirihere@gmail.com
To: sapthagiri269@gmail.com
Subject: test
Mime-Version: 1.0
Content-Type: text/plain; charset=utf-8

test
Redirected to http://localhost:3000/
Completed in 5126ms (DB: 0) | 302 Found [http://localhost/emailer/send_mail]
  [4;36;1mSQL (0.1ms)[0m   [0;1mSET NAMES 'utf8'[0m
  [4;35;1mSQL (0.1ms)[0m   [0mSET SQL_AUTO_IS_NULL=0[0m


Processing MainController#index (for 127.0.0.1 at 2010-03-27 11:13:19) [GET]
Rendering template within layouts/application
Rendering main/index
Rendered shared/_header (1.3ms)
Rendered shared/_footer (0.8ms)
Completed in 36ms (View: 32, DB: 0) | 200 OK [http://localhost/]
  [4;36;1mSQL (0.1ms)[0m   [0;1mSET NAMES 'utf8'[0m
  [4;35;1mSQL (0.1ms)[0m   [0mSET SQL_AUTO_IS_NULL=0[0m


Processing ApplicationController#index (for 127.0.0.1 at 2010-03-27 11:13:19) [GET]

ActionController::RoutingError (No route matches "/images/main1.png" with {:method=>:get}):
  

Rendering rescues/layout (not_found)
  [4;36;1mSQL (0.1ms)[0m   [0;1mSET NAMES 'utf8'[0m
  [4;35;1mSQL (0.1ms)[0m   [0mSET SQL_AUTO_IS_NULL=0[0m


Processing EmailerController#send_mail (for 127.0.0.1 at 2010-03-27 11:13:45) [POST]
  Parameters: {"commit"=>"Send", "authenticity_token"=>"rui/2cKTtyBG28ZEWhg6z/Lj6r3Jo4BHJn94Ce+0Irw=", "email"=>{"name"=>"sap", "subject"=>"sap", "message"=>"sap", "email"=>"sap@gmail.com"}}
Sent mail to sapthagiri269@gmail.com

Date: Sat, 27 Mar 2010 11:13:45 +0530
From: sapthagirihere@gmail.com
To: sapthagiri269@gmail.com
Subject: test
Mime-Version: 1.0
Content-Type: text/plain; charset=utf-8

test
Redirected to http://localhost:3000/
Completed in 4888ms (DB: 0) | 302 Found [http://localhost/emailer/send_mail]
  [4;36;1mSQL (0.2ms)[0m   [0;1mSET NAMES 'utf8'[0m
  [4;35;1mSQL (0.1ms)[0m   [0mSET SQL_AUTO_IS_NULL=0[0m


Processing MainController#index (for 127.0.0.1 at 2010-03-27 11:13:50) [GET]
Rendering template within layouts/application
Rendering main/index
Rendered shared/_header (0.2ms)
Rendered shared/_footer (0.1ms)
Completed in 9ms (View: 5, DB: 0) | 200 OK [http://localhost/]
  [4;36;1mSQL (0.1ms)[0m   [0;1mSET NAMES 'utf8'[0m
  [4;35;1mSQL (0.1ms)[0m   [0mSET SQL_AUTO_IS_NULL=0[0m


Processing ApplicationController#index (for 127.0.0.1 at 2010-03-27 11:13:50) [GET]

ActionController::RoutingError (No route matches "/images/main1.png" with {:method=>:get}):
  

Rendering rescues/layout (not_found)
  [4;36;1mSQL (0.1ms)[0m   [0;1mSET NAMES 'utf8'[0m
  [4;35;1mSQL (0.1ms)[0m   [0mSET SQL_AUTO_IS_NULL=0[0m


Processing MainController#index (for 127.0.0.1 at 2010-03-27 11:16:36) [GET]
Rendering template within layouts/application
Rendering main/index
Rendered shared/_header (0.2ms)
Rendered shared/_footer (0.1ms)
Completed in 15ms (View: 12, DB: 0) | 200 OK [http://localhost/]
  [4;36;1mSQL (0.1ms)[0m   [0;1mSET NAMES 'utf8'[0m
  [4;35;1mSQL (0.1ms)[0m   [0mSET SQL_AUTO_IS_NULL=0[0m


Processing ApplicationController#index (for 127.0.0.1 at 2010-03-27 11:16:37) [GET]

ActionController::RoutingError (No route matches "/images/main1.png" with {:method=>:get}):
  

Rendering rescues/layout (not_found)
  [4;36;1mSQL (0.1ms)[0m   [0;1mSET NAMES 'utf8'[0m
  [4;35;1mSQL (0.1ms)[0m   [0mSET SQL_AUTO_IS_NULL=0[0m


Processing MainController#index (for 127.0.0.1 at 2010-03-27 11:16:58) [GET]
Rendering template within layouts/application
Rendering main/index
Rendered shared/_header (0.1ms)
Rendered shared/_footer (0.1ms)
Completed in 14ms (View: 11, DB: 0) | 200 OK [http://localhost/]
  [4;36;1mSQL (0.1ms)[0m   [0;1mSET NAMES 'utf8'[0m
  [4;35;1mSQL (0.1ms)[0m   [0mSET SQL_AUTO_IS_NULL=0[0m


Processing ApplicationController#index (for 127.0.0.1 at 2010-03-27 11:16:58) [GET]

ActionController::RoutingError (No route matches "/images/main1.png" with {:method=>:get}):
  

Rendering rescues/layout (not_found)
  [4;36;1mSQL (0.1ms)[0m   [0;1mSET NAMES 'utf8'[0m
  [4;35;1mSQL (0.1ms)[0m   [0mSET SQL_AUTO_IS_NULL=0[0m


Processing MainController#index (for 127.0.0.1 at 2010-03-27 11:18:22) [GET]
Rendering template within layouts/application
Rendering main/index
Rendered shared/_header (0.2ms)
Rendered shared/_footer (0.1ms)
Completed in 16ms (View: 12, DB: 0) | 200 OK [http://localhost/]
  [4;36;1mSQL (0.1ms)[0m   [0;1mSET NAMES 'utf8'[0m
  [4;35;1mSQL (0.1ms)[0m   [0mSET SQL_AUTO_IS_NULL=0[0m


Processing ApplicationController#index (for 127.0.0.1 at 2010-03-27 11:18:22) [GET]

ActionController::RoutingError (No route matches "/images/main1.png" with {:method=>:get}):
  

Rendering rescues/layout (not_found)
  [4;36;1mSQL (0.1ms)[0m   [0;1mSET NAMES 'utf8'[0m
  [4;35;1mSQL (0.1ms)[0m   [0mSET SQL_AUTO_IS_NULL=0[0m


Processing MainController#index (for 127.0.0.1 at 2010-03-27 11:45:02) [GET]
Rendering template within layouts/application
Rendering main/index
Rendered shared/_header (0.1ms)
Rendered shared/_footer (0.2ms)
Completed in 15ms (View: 11, DB: 0) | 200 OK [http://localhost/]
  [4;36;1mSQL (0.1ms)[0m   [0;1mSET NAMES 'utf8'[0m
  [4;35;1mSQL (0.1ms)[0m   [0mSET SQL_AUTO_IS_NULL=0[0m


Processing ApplicationController#index (for 127.0.0.1 at 2010-03-27 11:45:02) [GET]

ActionController::RoutingError (No route matches "/images/main1.png" with {:method=>:get}):
  

Rendering rescues/layout (not_found)
  [4;36;1mSQL (0.1ms)[0m   [0;1mSET NAMES 'utf8'[0m
  [4;35;1mSQL (0.1ms)[0m   [0mSET SQL_AUTO_IS_NULL=0[0m


Processing MainController#index (for 127.0.0.1 at 2010-03-27 11:51:23) [GET]
Rendering template within layouts/application
Rendering main/index
Rendered shared/_header (0.1ms)
Rendered shared/_footer (0.1ms)
Completed in 12ms (View: 9, DB: 0) | 200 OK [http://localhost/]
  [4;36;1mSQL (0.1ms)[0m   [0;1mSET NAMES 'utf8'[0m
  [4;35;1mSQL (0.1ms)[0m   [0mSET SQL_AUTO_IS_NULL=0[0m


Processing ApplicationController#index (for 127.0.0.1 at 2010-03-27 11:51:24) [GET]

ActionController::RoutingError (No route matches "/images/main1.png" with {:method=>:get}):
  

Rendering rescues/layout (not_found)
